Using pre-set license
Built from '2021.3/staging' branch; Version is '2021.3.21f1 (1b156197d683) revision 1774945'; Using compiler version '192829333'; Build Type 'Release'
OS: 'Windows 11  (10.0.22621) 64bit Professional' Language: 'tr' Physical Memory: 16125 MB
BatchMode: 1, IsHumanControllingUs: 0, StartBugReporterOnCrash: 0, Is64bit: 1, IsPro: 1

COMMAND LINE ARGUMENTS:
C:\Program Files\Unity\Hub\Editor\2021.3.21f1\Editor\Unity.exe
-adb2
-batchMode
-noUpm
-name
AssetImportWorker3
-projectPath
C:/Users/Serenay/Documents/GitHub/ArifTic/Witch Fucking Craft
-logFile
Logs/AssetImportWorker3.log
-srvPort
61190
Successfully changed project path to: C:/Users/Serenay/Documents/GitHub/ArifTic/Witch Fucking Craft
C:/Users/Serenay/Documents/GitHub/ArifTic/Witch Fucking Craft
[UnityMemory] Configuration Parameters - Can be set up in boot.config
    "memorysetup-bucket-allocator-granularity=16"
    "memorysetup-bucket-allocator-bucket-count=8"
    "memorysetup-bucket-allocator-block-size=33554432"
    "memorysetup-bucket-allocator-block-count=8"
    "memorysetup-main-allocator-block-size=16777216"
    "memorysetup-thread-allocator-block-size=16777216"
    "memorysetup-gfx-main-allocator-block-size=16777216"
    "memorysetup-gfx-thread-allocator-block-size=16777216"
    "memorysetup-cache-allocator-block-size=4194304"
    "memorysetup-typetree-allocator-block-size=2097152"
    "memorysetup-profiler-bucket-allocator-granularity=16"
    "memorysetup-profiler-bucket-allocator-bucket-count=8"
    "memorysetup-profiler-bucket-allocator-block-size=33554432"
    "memorysetup-profiler-bucket-allocator-block-count=8"
    "memorysetup-profiler-allocator-block-size=16777216"
    "memorysetup-profiler-editor-allocator-block-size=1048576"
    "memorysetup-temp-allocator-size-main=16777216"
    "memorysetup-job-temp-allocator-block-size=2097152"
    "memorysetup-job-temp-allocator-block-size-background=1048576"
    "memorysetup-job-temp-allocator-reduction-small-platforms=262144"
    "memorysetup-temp-allocator-size-background-worker=32768"
    "memorysetup-temp-allocator-size-job-worker=262144"
    "memorysetup-temp-allocator-size-preload-manager=33554432"
    "memorysetup-temp-allocator-size-nav-mesh-worker=65536"
    "memorysetup-temp-allocator-size-audio-worker=65536"
    "memorysetup-temp-allocator-size-cloud-worker=32768"
    "memorysetup-temp-allocator-size-gi-baking-worker=262144"
    "memorysetup-temp-allocator-size-gfx=262144"
Player connection [15876] Host "[IP] 192.168.1.3 [Port] 0 [Flags] 2 [Guid] 183728442 [EditorId] 183728442 [Version] 1048832 [Id] WindowsEditor(7,DESKTOP-VJE8FTF) [Debug] 1 [PackageName] WindowsEditor [ProjectName] Editor" joined multi-casting on [225.0.0.222:54997]...

Player connection [15876] Host "[IP] 192.168.1.3 [Port] 0 [Flags] 2 [Guid] 183728442 [EditorId] 183728442 [Version] 1048832 [Id] WindowsEditor(7,DESKTOP-VJE8FTF) [Debug] 1 [PackageName] WindowsEditor [ProjectName] Editor" joined alternative multi-casting on [225.0.0.222:34997]...

Refreshing native plugins compatible for Editor in 75.00 ms, found 3 plugins.
Preloading 0 native plugins for Editor in 0.00 ms.
Initialize engine version: 2021.3.21f1 (1b156197d683)
[Subsystems] Discovering subsystems at path C:/Program Files/Unity/Hub/Editor/2021.3.21f1/Editor/Data/Resources/UnitySubsystems
[Subsystems] Discovering subsystems at path C:/Users/Serenay/Documents/GitHub/ArifTic/Witch Fucking Craft/Assets
GfxDevice: creating device client; threaded=0; jobified=0
Direct3D:
    Version:  Direct3D 11.0 [level 11.1]
    Renderer: NVIDIA GeForce RTX 3060 Laptop GPU (ID=0x2520)
    Vendor:   NVIDIA
    VRAM:     6009 MB
    Driver:   31.0.15.3203
Initialize mono
Mono path[0] = 'C:/Program Files/Unity/Hub/Editor/2021.3.21f1/Editor/Data/Managed'
Mono path[1] = 'C:/Program Files/Unity/Hub/Editor/2021.3.21f1/Editor/Data/MonoBleedingEdge/lib/mono/unityjit-win32'
Mono config path = 'C:/Program Files/Unity/Hub/Editor/2021.3.21f1/Editor/Data/MonoBleedingEdge/etc'
Using monoOptions --debugger-agent=transport=dt_socket,embedding=1,server=y,suspend=n,address=127.0.0.1:56584
Begin MonoManager ReloadAssembly
Registering precompiled unity dll's ...
Register platform support module: C:/Program Files/Unity/Hub/Editor/2021.3.21f1/Editor/Data/PlaybackEngines/WindowsStandaloneSupport/UnityEditor.WindowsStandalone.Extensions.dll
Registered in 0.002596 seconds.
Native extension for WindowsStandalone target not found
Refreshing native plugins compatible for Editor in 64.79 ms, found 3 plugins.
Preloading 0 native plugins for Editor in 0.00 ms.
Mono: successfully reloaded assembly
- Completed reload, in  0.480 seconds
Domain Reload Profiling:
	ReloadAssembly (481ms)
		BeginReloadAssembly (62ms)
			ExecutionOrderSort (0ms)
			DisableScriptedObjects (0ms)
			BackupInstance (0ms)
			ReleaseScriptingObjects (0ms)
			CreateAndSetChildDomain (1ms)
		EndReloadAssembly (345ms)
			LoadAssemblies (60ms)
			RebuildTransferFunctionScriptingTraits (0ms)
			SetupTypeCache (81ms)
			ReleaseScriptCaches (0ms)
			RebuildScriptCaches (21ms)
			SetupLoadedEditorAssemblies (205ms)
				LogAssemblyErrors (0ms)
				InitializePlatformSupportModulesInManaged (5ms)
				SetLoadedEditorAssemblies (0ms)
				RefreshPlugins (65ms)
				BeforeProcessingInitializeOnLoad (1ms)
				ProcessInitializeOnLoadAttributes (101ms)
				ProcessInitializeOnLoadMethodAttributes (32ms)
				AfterProcessingInitializeOnLoad (0ms)
				EditorAssembliesLoaded (0ms)
			ExecutionOrderSort2 (0ms)
			AwakeInstancesAfterBackupRestoration (0ms)
Platform modules already initialized, skipping
Registering precompiled user dll's ...
Registered in 0.002877 seconds.
Begin MonoManager ReloadAssembly
Symbol file LoadedFromMemory doesn't match image C:\Users\Serenay\Documents\GitHub\ArifTic\Witch Fucking Craft\Library\PackageCache\com.unity.visualscripting@1.8.0\Editor\VisualScripting.Core\Dependencies\YamlDotNet\Unity.VisualScripting.YamlDotNet.dll
Symbol file LoadedFromMemory doesn't match image C:\Users\Serenay\Documents\GitHub\ArifTic\Witch Fucking Craft\Library\PackageCache\com.unity.visualscripting@1.8.0\Editor\VisualScripting.Core\Dependencies\DotNetZip\Unity.VisualScripting.IonicZip.dll
Native extension for WindowsStandalone target not found
Refreshing native plugins compatible for Editor in 0.52 ms, found 3 plugins.
Preloading 0 native plugins for Editor in 0.00 ms.
Mono: successfully reloaded assembly
- Completed reload, in  0.869 seconds
Domain Reload Profiling:
	ReloadAssembly (870ms)
		BeginReloadAssembly (94ms)
			ExecutionOrderSort (0ms)
			DisableScriptedObjects (5ms)
			BackupInstance (0ms)
			ReleaseScriptingObjects (0ms)
			CreateAndSetChildDomain (16ms)
		EndReloadAssembly (696ms)
			LoadAssemblies (77ms)
			RebuildTransferFunctionScriptingTraits (0ms)
			SetupTypeCache (226ms)
			ReleaseScriptCaches (1ms)
			RebuildScriptCaches (40ms)
			SetupLoadedEditorAssemblies (334ms)
				LogAssemblyErrors (0ms)
				InitializePlatformSupportModulesInManaged (3ms)
				SetLoadedEditorAssemblies (0ms)
				RefreshPlugins (1ms)
				BeforeProcessingInitializeOnLoad (61ms)
				ProcessInitializeOnLoadAttributes (166ms)
				ProcessInitializeOnLoadMethodAttributes (98ms)
				AfterProcessingInitializeOnLoad (4ms)
				EditorAssembliesLoaded (0ms)
			ExecutionOrderSort2 (0ms)
			AwakeInstancesAfterBackupRestoration (4ms)
Platform modules already initialized, skipping
========================================================================
Worker process is ready to serve import requests
Launched and connected shader compiler UnityShaderCompiler.exe after 0.04 seconds
Refreshing native plugins compatible for Editor in 1.01 ms, found 3 plugins.
Preloading 0 native plugins for Editor in 0.00 ms.
Unloading 3200 Unused Serialized files (Serialized files now loaded: 0)
Unloading 259 unused Assets / (130.0 KB). Loaded Objects now: 3663.
Memory consumption went from 119.7 MB to 119.6 MB.
Total: 4.920000 ms (FindLiveObjects: 0.533200 ms CreateObjectMapping: 0.353900 ms MarkObjects: 3.377100 ms  DeleteObjects: 0.654300 ms)

AssetImportParameters requested are different than current active one (requested -> active):
  custom:video-decoder-ogg-theora: a1e56fd34408186e4bbccfd4996cb3dc -> 
  custom:container-muxer-webm: aa71ff27fc2769a1b78a27578f13a17b -> 
  custom:container-demuxer-webm: 4f35f7cbe854078d1ac9338744f61a02 -> 
  custom:video-encoder-webm-vp8: eb34c28f22e8b96e1ab97ce403110664 -> 
  custom:audio-encoder-webm-vorbis: bf7c407c2cedff20999df2af8eb42d56 -> 
  custom:framework-win-MediaFoundation: 216162199b28c13a410421893ffa2e32 -> 
  custom:container-demuxer-ogg: 62fdf1f143b41e24485cea50d1cbac27 -> 
  custom:video-decoder-webm-vp8: 9c59270c3fd7afecdb556c50c9e8de78 -> 
  custom:audio-decoder-ogg-vorbis: bf7c407c2cedff20999df2af8eb42d56 -> 
========================================================================
Received Import Request.
  Time since last request: 705706.910101 seconds.
  path: Assets/Samples/Blender Nodes Graph/1.0.0/BuiltIn Samples/MaterialPreview/Resources/URP-UnderLogo.mat
  artifactKey: Guid(d857987e1164a064faea5ed922ec455e) Importer(815301076,1909f56bfc062723c751e8b465ee728b)
Start importing Assets/Samples/Blender Nodes Graph/1.0.0/BuiltIn Samples/MaterialPreview/Resources/URP-UnderLogo.mat using Guid(d857987e1164a064faea5ed922ec455e) Importer(815301076,1909f56bfc062723c751e8b465ee728b)  -> (artifact id: 'ee86e5c060fab2efc489ad8d5c3954ea') in 0.184464 seconds 
========================================================================
Received Import Request.
  Time since last request: 2.718968 seconds.
  path: Assets/Samples/Blender Nodes Graph/1.0.0/BuiltIn Samples/MaterialPreview/Resources/Prefabs/CheckerView.prefab
  artifactKey: Guid(fa7e02af6b8242a428e70a38b4ea6ddf) Importer(815301076,1909f56bfc062723c751e8b465ee728b)
Start importing Assets/Samples/Blender Nodes Graph/1.0.0/BuiltIn Samples/MaterialPreview/Resources/Prefabs/CheckerView.prefab using Guid(fa7e02af6b8242a428e70a38b4ea6ddf) Importer(815301076,1909f56bfc062723c751e8b465ee728b)  -> (artifact id: '39714a731e648d6029aa0b4586ac72e9') in 0.034568 seconds 
========================================================================
Received Import Request.
  Time since last request: 0.000020 seconds.
  path: Assets/Samples/Blender Nodes Graph/1.0.0/BuiltIn Samples/MaterialPreview/Resources/Prefabs/NoiseDisplacement.prefab
  artifactKey: Guid(d86b93e39160a0848b2b9e2a587d3f63) Importer(815301076,1909f56bfc062723c751e8b465ee728b)
Start importing Assets/Samples/Blender Nodes Graph/1.0.0/BuiltIn Samples/MaterialPreview/Resources/Prefabs/NoiseDisplacement.prefab using Guid(d86b93e39160a0848b2b9e2a587d3f63) Importer(815301076,1909f56bfc062723c751e8b465ee728b)  -> (artifact id: 'ee6c607b3b1dc23d0d2de4a9ddcd8fb3') in 0.020145 seconds 
========================================================================
Received Import Request.
  Time since last request: 0.000019 seconds.
  path: Assets/Samples/Blender Nodes Graph/1.0.0/BuiltIn Samples/MaterialPreview/Resources/Prefabs/WavyPass.prefab
  artifactKey: Guid(02193a46955e5ba44977b641b6e1c517) Importer(815301076,1909f56bfc062723c751e8b465ee728b)
Start importing Assets/Samples/Blender Nodes Graph/1.0.0/BuiltIn Samples/MaterialPreview/Resources/Prefabs/WavyPass.prefab using Guid(02193a46955e5ba44977b641b6e1c517) Importer(815301076,1909f56bfc062723c751e8b465ee728b)  -> (artifact id: '2243100b41bab9d3acb11d0dfaec63cb') in 0.024435 seconds 
========================================================================
Received Import Request.
  Time since last request: 0.000020 seconds.
  path: Assets/Samples/Blender Nodes Graph/1.0.0/BuiltIn Samples/MaterialPreview/Resources/Prefabs/Cracks.prefab
  artifactKey: Guid(ad4713bba77294a49b3b21ba9cb6b9e6) Importer(815301076,1909f56bfc062723c751e8b465ee728b)
Start importing Assets/Samples/Blender Nodes Graph/1.0.0/BuiltIn Samples/MaterialPreview/Resources/Prefabs/Cracks.prefab using Guid(ad4713bba77294a49b3b21ba9cb6b9e6) Importer(815301076,1909f56bfc062723c751e8b465ee728b)  -> (artifact id: '560ff662bc903fb2caa440c1720c5dc2') in 0.018335 seconds 
