Using pre-set license
Built from '2021.3/staging' branch; Version is '2021.3.21f1 (1b156197d683) revision 1774945'; Using compiler version '192829333'; Build Type 'Release'
OS: 'Windows 11  (10.0.22621) 64bit Professional' Language: 'tr' Physical Memory: 16125 MB
BatchMode: 1, IsHumanControllingUs: 0, StartBugReporterOnCrash: 0, Is64bit: 1, IsPro: 1

COMMAND LINE ARGUMENTS:
C:\Program Files\Unity\Hub\Editor\2021.3.21f1\Editor\Unity.exe
-adb2
-batchMode
-noUpm
-name
AssetImportWorker4
-projectPath
C:/Users/Serenay/Documents/GitHub/ArifTic/Witch Fucking Craft
-logFile
Logs/AssetImportWorker4.log
-srvPort
60856
Successfully changed project path to: C:/Users/Serenay/Documents/GitHub/ArifTic/Witch Fucking Craft
C:/Users/Serenay/Documents/GitHub/ArifTic/Witch Fucking Craft
[UnityMemory] Configuration Parameters - Can be set up in boot.config
    "memorysetup-bucket-allocator-granularity=16"
    "memorysetup-bucket-allocator-bucket-count=8"
    "memorysetup-bucket-allocator-block-size=33554432"
    "memorysetup-bucket-allocator-block-count=8"
    "memorysetup-main-allocator-block-size=16777216"
    "memorysetup-thread-allocator-block-size=16777216"
    "memorysetup-gfx-main-allocator-block-size=16777216"
    "memorysetup-gfx-thread-allocator-block-size=16777216"
    "memorysetup-cache-allocator-block-size=4194304"
    "memorysetup-typetree-allocator-block-size=2097152"
    "memorysetup-profiler-bucket-allocator-granularity=16"
    "memorysetup-profiler-bucket-allocator-bucket-count=8"
    "memorysetup-profiler-bucket-allocator-block-size=33554432"
    "memorysetup-profiler-bucket-allocator-block-count=8"
    "memorysetup-profiler-allocator-block-size=16777216"
    "memorysetup-profiler-editor-allocator-block-size=1048576"
    "memorysetup-temp-allocator-size-main=16777216"
    "memorysetup-job-temp-allocator-block-size=2097152"
    "memorysetup-job-temp-allocator-block-size-background=1048576"
    "memorysetup-job-temp-allocator-reduction-small-platforms=262144"
    "memorysetup-temp-allocator-size-background-worker=32768"
    "memorysetup-temp-allocator-size-job-worker=262144"
    "memorysetup-temp-allocator-size-preload-manager=33554432"
    "memorysetup-temp-allocator-size-nav-mesh-worker=65536"
    "memorysetup-temp-allocator-size-audio-worker=65536"
    "memorysetup-temp-allocator-size-cloud-worker=32768"
    "memorysetup-temp-allocator-size-gi-baking-worker=262144"
    "memorysetup-temp-allocator-size-gfx=262144"
Player connection [10624] Host "[IP] 192.168.1.3 [Port] 0 [Flags] 2 [Guid] 1211916175 [EditorId] 1211916175 [Version] 1048832 [Id] WindowsEditor(7,DESKTOP-VJE8FTF) [Debug] 1 [PackageName] WindowsEditor [ProjectName] Editor" joined multi-casting on [225.0.0.222:54997]...

Player connection [10624] Host "[IP] 192.168.1.3 [Port] 0 [Flags] 2 [Guid] 1211916175 [EditorId] 1211916175 [Version] 1048832 [Id] WindowsEditor(7,DESKTOP-VJE8FTF) [Debug] 1 [PackageName] WindowsEditor [ProjectName] Editor" joined alternative multi-casting on [225.0.0.222:34997]...

Refreshing native plugins compatible for Editor in 63.02 ms, found 3 plugins.
Preloading 0 native plugins for Editor in 0.00 ms.
Initialize engine version: 2021.3.21f1 (1b156197d683)
[Subsystems] Discovering subsystems at path C:/Program Files/Unity/Hub/Editor/2021.3.21f1/Editor/Data/Resources/UnitySubsystems
[Subsystems] Discovering subsystems at path C:/Users/Serenay/Documents/GitHub/ArifTic/Witch Fucking Craft/Assets
GfxDevice: creating device client; threaded=0; jobified=0
Direct3D:
    Version:  Direct3D 11.0 [level 11.1]
    Renderer: NVIDIA GeForce RTX 3060 Laptop GPU (ID=0x2520)
    Vendor:   NVIDIA
    VRAM:     6009 MB
    Driver:   31.0.15.3203
Initialize mono
Mono path[0] = 'C:/Program Files/Unity/Hub/Editor/2021.3.21f1/Editor/Data/Managed'
Mono path[1] = 'C:/Program Files/Unity/Hub/Editor/2021.3.21f1/Editor/Data/MonoBleedingEdge/lib/mono/unityjit-win32'
Mono config path = 'C:/Program Files/Unity/Hub/Editor/2021.3.21f1/Editor/Data/MonoBleedingEdge/etc'
Using monoOptions --debugger-agent=transport=dt_socket,embedding=1,server=y,suspend=n,address=127.0.0.1:56776
Begin MonoManager ReloadAssembly
Registering precompiled unity dll's ...
Register platform support module: C:/Program Files/Unity/Hub/Editor/2021.3.21f1/Editor/Data/PlaybackEngines/WindowsStandaloneSupport/UnityEditor.WindowsStandalone.Extensions.dll
Registered in 0.002631 seconds.
Native extension for WindowsStandalone target not found
Refreshing native plugins compatible for Editor in 60.55 ms, found 3 plugins.
Preloading 0 native plugins for Editor in 0.00 ms.
Mono: successfully reloaded assembly
- Completed reload, in  0.462 seconds
Domain Reload Profiling:
	ReloadAssembly (462ms)
		BeginReloadAssembly (62ms)
			ExecutionOrderSort (0ms)
			DisableScriptedObjects (0ms)
			BackupInstance (0ms)
			ReleaseScriptingObjects (0ms)
			CreateAndSetChildDomain (1ms)
		EndReloadAssembly (331ms)
			LoadAssemblies (60ms)
			RebuildTransferFunctionScriptingTraits (0ms)
			SetupTypeCache (80ms)
			ReleaseScriptCaches (0ms)
			RebuildScriptCaches (23ms)
			SetupLoadedEditorAssemblies (189ms)
				LogAssemblyErrors (0ms)
				InitializePlatformSupportModulesInManaged (6ms)
				SetLoadedEditorAssemblies (0ms)
				RefreshPlugins (61ms)
				BeforeProcessingInitializeOnLoad (1ms)
				ProcessInitializeOnLoadAttributes (89ms)
				ProcessInitializeOnLoadMethodAttributes (32ms)
				AfterProcessingInitializeOnLoad (0ms)
				EditorAssembliesLoaded (0ms)
			ExecutionOrderSort2 (0ms)
			AwakeInstancesAfterBackupRestoration (0ms)
Platform modules already initialized, skipping
Registering precompiled user dll's ...
Registered in 0.002991 seconds.
Begin MonoManager ReloadAssembly
Symbol file LoadedFromMemory doesn't match image C:\Users\Serenay\Documents\GitHub\ArifTic\Witch Fucking Craft\Library\PackageCache\com.unity.visualscripting@1.8.0\Editor\VisualScripting.Core\Dependencies\YamlDotNet\Unity.VisualScripting.YamlDotNet.dll
Symbol file LoadedFromMemory doesn't match image C:\Users\Serenay\Documents\GitHub\ArifTic\Witch Fucking Craft\Library\PackageCache\com.unity.visualscripting@1.8.0\Editor\VisualScripting.Core\Dependencies\DotNetZip\Unity.VisualScripting.IonicZip.dll
Native extension for WindowsStandalone target not found
Refreshing native plugins compatible for Editor in 0.49 ms, found 3 plugins.
Preloading 0 native plugins for Editor in 0.00 ms.
Mono: successfully reloaded assembly
- Completed reload, in  0.707 seconds
Domain Reload Profiling:
	ReloadAssembly (708ms)
		BeginReloadAssembly (89ms)
			ExecutionOrderSort (0ms)
			DisableScriptedObjects (5ms)
			BackupInstance (0ms)
			ReleaseScriptingObjects (0ms)
			CreateAndSetChildDomain (16ms)
		EndReloadAssembly (542ms)
			LoadAssemblies (60ms)
			RebuildTransferFunctionScriptingTraits (0ms)
			SetupTypeCache (187ms)
			ReleaseScriptCaches (1ms)
			RebuildScriptCaches (37ms)
			SetupLoadedEditorAssemblies (236ms)
				LogAssemblyErrors (0ms)
				InitializePlatformSupportModulesInManaged (3ms)
				SetLoadedEditorAssemblies (0ms)
				RefreshPlugins (1ms)
				BeforeProcessingInitializeOnLoad (60ms)
				ProcessInitializeOnLoadAttributes (154ms)
				ProcessInitializeOnLoadMethodAttributes (14ms)
				AfterProcessingInitializeOnLoad (4ms)
				EditorAssembliesLoaded (0ms)
			ExecutionOrderSort2 (0ms)
			AwakeInstancesAfterBackupRestoration (4ms)
Platform modules already initialized, skipping
========================================================================
Worker process is ready to serve import requests
Launched and connected shader compiler UnityShaderCompiler.exe after 0.03 seconds
Refreshing native plugins compatible for Editor in 0.51 ms, found 3 plugins.
Preloading 0 native plugins for Editor in 0.00 ms.
Unloading 3095 Unused Serialized files (Serialized files now loaded: 0)
Unloading 24 unused Assets / (114.7 KB). Loaded Objects now: 3577.
Memory consumption went from 116.1 MB to 116.0 MB.
Total: 2.688000 ms (FindLiveObjects: 0.259700 ms CreateObjectMapping: 0.085200 ms MarkObjects: 2.219800 ms  DeleteObjects: 0.122100 ms)

AssetImportParameters requested are different than current active one (requested -> active):
  custom:video-decoder-ogg-theora: a1e56fd34408186e4bbccfd4996cb3dc -> 
  custom:container-muxer-webm: aa71ff27fc2769a1b78a27578f13a17b -> 
  custom:container-demuxer-webm: 4f35f7cbe854078d1ac9338744f61a02 -> 
  custom:video-encoder-webm-vp8: eb34c28f22e8b96e1ab97ce403110664 -> 
  custom:audio-encoder-webm-vorbis: bf7c407c2cedff20999df2af8eb42d56 -> 
  custom:framework-win-MediaFoundation: 216162199b28c13a410421893ffa2e32 -> 
  custom:container-demuxer-ogg: 62fdf1f143b41e24485cea50d1cbac27 -> 
  custom:video-decoder-webm-vp8: 9c59270c3fd7afecdb556c50c9e8de78 -> 
  custom:audio-decoder-ogg-vorbis: bf7c407c2cedff20999df2af8eb42d56 -> 
========================================================================
Received Import Request.
  Time since last request: 1314862.134106 seconds.
  path: Assets/Serenay-3d Models/tezgah 4.fbx
  artifactKey: Guid(e04857be2622c4540903843cedf1bf00) Importer(815301076,1909f56bfc062723c751e8b465ee728b)
Start importing Assets/Serenay-3d Models/tezgah 4.fbx using Guid(e04857be2622c4540903843cedf1bf00) Importer(815301076,1909f56bfc062723c751e8b465ee728b)  -> (artifact id: '41ce376d7b9ad5bafc37902e63f3248c') in 0.166008 seconds 
========================================================================
Received Import Request.
  Time since last request: 18.182717 seconds.
  path: Assets/Serenay-3d Models/Material/Düz Renk.mat
  artifactKey: Guid(4179134b4c6115342921c1828a194162) Importer(815301076,1909f56bfc062723c751e8b465ee728b)
Start importing Assets/Serenay-3d Models/Material/Düz Renk.mat using Guid(4179134b4c6115342921c1828a194162) Importer(815301076,1909f56bfc062723c751e8b465ee728b)  -> (artifact id: '29f85ffc7f09594bf5e90b0a24817847') in 0.026621 seconds 
========================================================================
Received Import Request.
  Time since last request: 5.256084 seconds.
  path: Assets/Serenay-3d Models/tezgah 4.fbx
  artifactKey: Guid(e04857be2622c4540903843cedf1bf00) Importer(815301076,1909f56bfc062723c751e8b465ee728b)
Start importing Assets/Serenay-3d Models/tezgah 4.fbx using Guid(e04857be2622c4540903843cedf1bf00) Importer(815301076,1909f56bfc062723c751e8b465ee728b)  -> (artifact id: '4a62683ea2c8b4e6a596dc6c145def35') in 0.056643 seconds 
========================================================================
Received Import Request.
  Time since last request: 15.565440 seconds.
  path: Assets/Serenay-3d Models/tezgah 4.fbx
  artifactKey: Guid(e04857be2622c4540903843cedf1bf00) Importer(815301076,1909f56bfc062723c751e8b465ee728b)
Start importing Assets/Serenay-3d Models/tezgah 4.fbx using Guid(e04857be2622c4540903843cedf1bf00) Importer(815301076,1909f56bfc062723c751e8b465ee728b)  -> (artifact id: 'f978197974de7ab43e44b4c74753b340') in 0.038578 seconds 
========================================================================
Received Import Request.
  Time since last request: 81.776136 seconds.
  path: Assets/Serenay-3d Models/tezgah 4.fbx
  artifactKey: Guid(e04857be2622c4540903843cedf1bf00) Importer(815301076,1909f56bfc062723c751e8b465ee728b)
Start importing Assets/Serenay-3d Models/tezgah 4.fbx using Guid(e04857be2622c4540903843cedf1bf00) Importer(815301076,1909f56bfc062723c751e8b465ee728b)  -> (artifact id: '1f32cfeeed246c60f646bb75b33e8aa5') in 0.057058 seconds 
========================================================================
Received Import Request.
  Time since last request: 77.546025 seconds.
  path: Assets/Serenay-3d Models/merhem iksiri şişesi.fbx
  artifactKey: Guid(ed678b0dac34158439162d1f47ac34c0) Importer(815301076,1909f56bfc062723c751e8b465ee728b)
Start importing Assets/Serenay-3d Models/merhem iksiri şişesi.fbx using Guid(ed678b0dac34158439162d1f47ac34c0) Importer(815301076,1909f56bfc062723c751e8b465ee728b)  -> (artifact id: 'e56b00a8e16eb6b990e24be191950eb4') in 0.047067 seconds 
========================================================================
Received Import Request.
  Time since last request: 3.774208 seconds.
  path: Assets/Serenay-3d Models/merhem iksiri şişesi.fbx
  artifactKey: Guid(ed678b0dac34158439162d1f47ac34c0) Importer(815301076,1909f56bfc062723c751e8b465ee728b)
Start importing Assets/Serenay-3d Models/merhem iksiri şişesi.fbx using Guid(ed678b0dac34158439162d1f47ac34c0) Importer(815301076,1909f56bfc062723c751e8b465ee728b)  -> (artifact id: '08533bab5240d89b36dbd5d4968f4b7d') in 0.044971 seconds 
========================================================================
Received Import Request.
  Time since last request: 5.516598 seconds.
  path: Assets/Serenay-3d Models/merhem iksiri şişesi.fbx
  artifactKey: Guid(ed678b0dac34158439162d1f47ac34c0) Importer(815301076,1909f56bfc062723c751e8b465ee728b)
Start importing Assets/Serenay-3d Models/merhem iksiri şişesi.fbx using Guid(ed678b0dac34158439162d1f47ac34c0) Importer(815301076,1909f56bfc062723c751e8b465ee728b)  -> (artifact id: 'a8ca23ebfa92f0446d726e4b01f7c8c0') in 0.044497 seconds 
========================================================================
Received Import Request.
  Time since last request: 46.795714 seconds.
  path: Assets/Serenay-3d Models/merhem iksiri şişesi.fbx
  artifactKey: Guid(ed678b0dac34158439162d1f47ac34c0) Importer(815301076,1909f56bfc062723c751e8b465ee728b)
Start importing Assets/Serenay-3d Models/merhem iksiri şişesi.fbx using Guid(ed678b0dac34158439162d1f47ac34c0) Importer(815301076,1909f56bfc062723c751e8b465ee728b)  -> (artifact id: 'a9d5ab87f8eb597d8bc208ef5957d398') in 0.044053 seconds 
========================================================================
Received Import Request.
  Time since last request: 30.036823 seconds.
  path: Assets/Serenay-3d Models/merhem iksiri şişesi.fbx
  artifactKey: Guid(ed678b0dac34158439162d1f47ac34c0) Importer(815301076,1909f56bfc062723c751e8b465ee728b)
Start importing Assets/Serenay-3d Models/merhem iksiri şişesi.fbx using Guid(ed678b0dac34158439162d1f47ac34c0) Importer(815301076,1909f56bfc062723c751e8b465ee728b)  -> (artifact id: '11216ffc6ed4d3d57ea03c72fd4bf292') in 0.037825 seconds 
========================================================================
Received Import Request.
  Time since last request: 12.504603 seconds.
  path: Assets/Serenay-3d Models/merhem iksiri şişesi.fbx
  artifactKey: Guid(ed678b0dac34158439162d1f47ac34c0) Importer(815301076,1909f56bfc062723c751e8b465ee728b)
Start importing Assets/Serenay-3d Models/merhem iksiri şişesi.fbx using Guid(ed678b0dac34158439162d1f47ac34c0) Importer(815301076,1909f56bfc062723c751e8b465ee728b)  -> (artifact id: 'e7e4356f74b60a6806517f4ccc59defa') in 0.035789 seconds 
