Using pre-set license
Built from '2021.3/staging' branch; Version is '2021.3.21f1 (1b156197d683) revision 1774945'; Using compiler version '192829333'; Build Type 'Release'
OS: 'Windows 11  (10.0.22621) 64bit Professional' Language: 'tr' Physical Memory: 16125 MB
BatchMode: 1, IsHumanControllingUs: 0, StartBugReporterOnCrash: 0, Is64bit: 1, IsPro: 1

COMMAND LINE ARGUMENTS:
C:\Program Files\Unity\Hub\Editor\2021.3.21f1\Editor\Unity.exe
-adb2
-batchMode
-noUpm
-name
AssetImportWorker0
-projectPath
C:/Users/Serenay/Documents/GitHub/ArifTic/Witch Fucking Craft
-logFile
Logs/AssetImportWorker0.log
-srvPort
57129
Successfully changed project path to: C:/Users/Serenay/Documents/GitHub/ArifTic/Witch Fucking Craft
C:/Users/Serenay/Documents/GitHub/ArifTic/Witch Fucking Craft
[UnityMemory] Configuration Parameters - Can be set up in boot.config
    "memorysetup-bucket-allocator-granularity=16"
    "memorysetup-bucket-allocator-bucket-count=8"
    "memorysetup-bucket-allocator-block-size=33554432"
    "memorysetup-bucket-allocator-block-count=8"
    "memorysetup-main-allocator-block-size=16777216"
    "memorysetup-thread-allocator-block-size=16777216"
    "memorysetup-gfx-main-allocator-block-size=16777216"
    "memorysetup-gfx-thread-allocator-block-size=16777216"
    "memorysetup-cache-allocator-block-size=4194304"
    "memorysetup-typetree-allocator-block-size=2097152"
    "memorysetup-profiler-bucket-allocator-granularity=16"
    "memorysetup-profiler-bucket-allocator-bucket-count=8"
    "memorysetup-profiler-bucket-allocator-block-size=33554432"
    "memorysetup-profiler-bucket-allocator-block-count=8"
    "memorysetup-profiler-allocator-block-size=16777216"
    "memorysetup-profiler-editor-allocator-block-size=1048576"
    "memorysetup-temp-allocator-size-main=16777216"
    "memorysetup-job-temp-allocator-block-size=2097152"
    "memorysetup-job-temp-allocator-block-size-background=1048576"
    "memorysetup-job-temp-allocator-reduction-small-platforms=262144"
    "memorysetup-temp-allocator-size-background-worker=32768"
    "memorysetup-temp-allocator-size-job-worker=262144"
    "memorysetup-temp-allocator-size-preload-manager=33554432"
    "memorysetup-temp-allocator-size-nav-mesh-worker=65536"
    "memorysetup-temp-allocator-size-audio-worker=65536"
    "memorysetup-temp-allocator-size-cloud-worker=32768"
    "memorysetup-temp-allocator-size-gi-baking-worker=262144"
    "memorysetup-temp-allocator-size-gfx=262144"
Player connection [15956] Host "[IP] 192.168.1.2 [Port] 0 [Flags] 2 [Guid] 2324991778 [EditorId] 2324991778 [Version] 1048832 [Id] WindowsEditor(7,DESKTOP-VJE8FTF) [Debug] 1 [PackageName] WindowsEditor [ProjectName] Editor" joined multi-casting on [225.0.0.222:54997]...

Player connection [15956] Host "[IP] 192.168.1.2 [Port] 0 [Flags] 2 [Guid] 2324991778 [EditorId] 2324991778 [Version] 1048832 [Id] WindowsEditor(7,DESKTOP-VJE8FTF) [Debug] 1 [PackageName] WindowsEditor [ProjectName] Editor" joined alternative multi-casting on [225.0.0.222:34997]...

Refreshing native plugins compatible for Editor in 65.27 ms, found 3 plugins.
Preloading 0 native plugins for Editor in 0.00 ms.
Initialize engine version: 2021.3.21f1 (1b156197d683)
[Subsystems] Discovering subsystems at path C:/Program Files/Unity/Hub/Editor/2021.3.21f1/Editor/Data/Resources/UnitySubsystems
[Subsystems] Discovering subsystems at path C:/Users/Serenay/Documents/GitHub/ArifTic/Witch Fucking Craft/Assets
GfxDevice: creating device client; threaded=0; jobified=0
Direct3D:
    Version:  Direct3D 11.0 [level 11.1]
    Renderer: NVIDIA GeForce RTX 3060 Laptop GPU (ID=0x2520)
    Vendor:   NVIDIA
    VRAM:     6009 MB
    Driver:   31.0.15.3203
Initialize mono
Mono path[0] = 'C:/Program Files/Unity/Hub/Editor/2021.3.21f1/Editor/Data/Managed'
Mono path[1] = 'C:/Program Files/Unity/Hub/Editor/2021.3.21f1/Editor/Data/MonoBleedingEdge/lib/mono/unityjit-win32'
Mono config path = 'C:/Program Files/Unity/Hub/Editor/2021.3.21f1/Editor/Data/MonoBleedingEdge/etc'
Using monoOptions --debugger-agent=transport=dt_socket,embedding=1,server=y,suspend=n,address=127.0.0.1:56896
Begin MonoManager ReloadAssembly
Registering precompiled unity dll's ...
Register platform support module: C:/Program Files/Unity/Hub/Editor/2021.3.21f1/Editor/Data/PlaybackEngines/WindowsStandaloneSupport/UnityEditor.WindowsStandalone.Extensions.dll
Registered in 0.002737 seconds.
Native extension for WindowsStandalone target not found
Refreshing native plugins compatible for Editor in 61.24 ms, found 3 plugins.
Preloading 0 native plugins for Editor in 0.00 ms.
Mono: successfully reloaded assembly
- Completed reload, in  0.456 seconds
Domain Reload Profiling:
	ReloadAssembly (457ms)
		BeginReloadAssembly (61ms)
			ExecutionOrderSort (0ms)
			DisableScriptedObjects (0ms)
			BackupInstance (0ms)
			ReleaseScriptingObjects (0ms)
			CreateAndSetChildDomain (1ms)
		EndReloadAssembly (322ms)
			LoadAssemblies (60ms)
			RebuildTransferFunctionScriptingTraits (0ms)
			SetupTypeCache (77ms)
			ReleaseScriptCaches (0ms)
			RebuildScriptCaches (20ms)
			SetupLoadedEditorAssemblies (190ms)
				LogAssemblyErrors (0ms)
				InitializePlatformSupportModulesInManaged (5ms)
				SetLoadedEditorAssemblies (0ms)
				RefreshPlugins (61ms)
				BeforeProcessingInitializeOnLoad (1ms)
				ProcessInitializeOnLoadAttributes (90ms)
				ProcessInitializeOnLoadMethodAttributes (32ms)
				AfterProcessingInitializeOnLoad (0ms)
				EditorAssembliesLoaded (0ms)
			ExecutionOrderSort2 (0ms)
			AwakeInstancesAfterBackupRestoration (0ms)
Platform modules already initialized, skipping
Registering precompiled user dll's ...
Registered in 0.003148 seconds.
Begin MonoManager ReloadAssembly
Symbol file LoadedFromMemory doesn't match image C:\Users\Serenay\Documents\GitHub\ArifTic\Witch Fucking Craft\Library\PackageCache\com.unity.visualscripting@1.8.0\Editor\VisualScripting.Core\Dependencies\YamlDotNet\Unity.VisualScripting.YamlDotNet.dll
Symbol file LoadedFromMemory doesn't match image C:\Users\Serenay\Documents\GitHub\ArifTic\Witch Fucking Craft\Library\PackageCache\com.unity.visualscripting@1.8.0\Editor\VisualScripting.Core\Dependencies\DotNetZip\Unity.VisualScripting.IonicZip.dll
Native extension for WindowsStandalone target not found
Refreshing native plugins compatible for Editor in 0.53 ms, found 3 plugins.
Preloading 0 native plugins for Editor in 0.00 ms.
Mono: successfully reloaded assembly
- Completed reload, in  0.720 seconds
Domain Reload Profiling:
	ReloadAssembly (721ms)
		BeginReloadAssembly (91ms)
			ExecutionOrderSort (0ms)
			DisableScriptedObjects (5ms)
			BackupInstance (0ms)
			ReleaseScriptingObjects (0ms)
			CreateAndSetChildDomain (17ms)
		EndReloadAssembly (554ms)
			LoadAssemblies (64ms)
			RebuildTransferFunctionScriptingTraits (0ms)
			SetupTypeCache (189ms)
			ReleaseScriptCaches (1ms)
			RebuildScriptCaches (36ms)
			SetupLoadedEditorAssemblies (245ms)
				LogAssemblyErrors (0ms)
				InitializePlatformSupportModulesInManaged (4ms)
				SetLoadedEditorAssemblies (0ms)
				RefreshPlugins (1ms)
				BeforeProcessingInitializeOnLoad (60ms)
				ProcessInitializeOnLoadAttributes (163ms)
				ProcessInitializeOnLoadMethodAttributes (14ms)
				AfterProcessingInitializeOnLoad (4ms)
				EditorAssembliesLoaded (0ms)
			ExecutionOrderSort2 (0ms)
			AwakeInstancesAfterBackupRestoration (4ms)
Platform modules already initialized, skipping
========================================================================
Worker process is ready to serve import requests
Launched and connected shader compiler UnityShaderCompiler.exe after 0.03 seconds
Refreshing native plugins compatible for Editor in 0.42 ms, found 3 plugins.
Preloading 0 native plugins for Editor in 0.00 ms.
Unloading 3095 Unused Serialized files (Serialized files now loaded: 0)
Unloading 24 unused Assets / (114.7 KB). Loaded Objects now: 3577.
Memory consumption went from 116.0 MB to 115.9 MB.
Total: 2.592700 ms (FindLiveObjects: 0.231400 ms CreateObjectMapping: 0.071300 ms MarkObjects: 2.163500 ms  DeleteObjects: 0.125600 ms)

AssetImportParameters requested are different than current active one (requested -> active):
  custom:video-decoder-ogg-theora: a1e56fd34408186e4bbccfd4996cb3dc -> 
  custom:container-muxer-webm: aa71ff27fc2769a1b78a27578f13a17b -> 
  custom:container-demuxer-webm: 4f35f7cbe854078d1ac9338744f61a02 -> 
  custom:video-encoder-webm-vp8: eb34c28f22e8b96e1ab97ce403110664 -> 
  custom:audio-encoder-webm-vorbis: bf7c407c2cedff20999df2af8eb42d56 -> 
  custom:framework-win-MediaFoundation: 216162199b28c13a410421893ffa2e32 -> 
  custom:container-demuxer-ogg: 62fdf1f143b41e24485cea50d1cbac27 -> 
  custom:video-decoder-webm-vp8: 9c59270c3fd7afecdb556c50c9e8de78 -> 
  custom:audio-decoder-ogg-vorbis: bf7c407c2cedff20999df2af8eb42d56 -> 
========================================================================
Received Import Request.
  Time since last request: 1728687.712055 seconds.
  path: Assets/Serenay-3d Models/papatya küçük.fbx
  artifactKey: Guid(32f5d80ec9fd3e9428577dfbd13809bc) Importer(815301076,1909f56bfc062723c751e8b465ee728b)
Start importing Assets/Serenay-3d Models/papatya küçük.fbx using Guid(32f5d80ec9fd3e9428577dfbd13809bc) Importer(815301076,1909f56bfc062723c751e8b465ee728b)  -> (artifact id: 'b640fba717de849892fc0599a45a7759') in 0.157481 seconds 
========================================================================
Received Import Request.
  Time since last request: 0.314766 seconds.
  path: Assets/Serenay-3d Models/papatya orta.fbx
  artifactKey: Guid(0e5300546dc1c2347a6bf02dabbc0644) Importer(815301076,1909f56bfc062723c751e8b465ee728b)
Start importing Assets/Serenay-3d Models/papatya orta.fbx using Guid(0e5300546dc1c2347a6bf02dabbc0644) Importer(815301076,1909f56bfc062723c751e8b465ee728b)  -> (artifact id: 'fb68b055bd72128b2302cf8bfad9199d') in 0.087332 seconds 
========================================================================
Received Import Request.
  Time since last request: 2.678470 seconds.
  path: Assets/Serenay-3d Models/papatya büyümüş.fbx
  artifactKey: Guid(0abe75502b9416f45ac0f3106f619b8a) Importer(815301076,1909f56bfc062723c751e8b465ee728b)
Start importing Assets/Serenay-3d Models/papatya büyümüş.fbx using Guid(0abe75502b9416f45ac0f3106f619b8a) Importer(815301076,1909f56bfc062723c751e8b465ee728b)  -> (artifact id: '4d9ff54e52aa2b8d20bbe014ca75490a') in 0.110778 seconds 
========================================================================
Received Import Request.
  Time since last request: 1.910166 seconds.
  path: Assets/Serenay-3d Models/papatya.fbx
  artifactKey: Guid(ab7f83757462b3e4695b265f4ee07724) Importer(815301076,1909f56bfc062723c751e8b465ee728b)
Start importing Assets/Serenay-3d Models/papatya.fbx using Guid(ab7f83757462b3e4695b265f4ee07724) Importer(815301076,1909f56bfc062723c751e8b465ee728b)  -> (artifact id: '11d2fc75ad4304ed30d116951b9b7536') in 0.072392 seconds 
========================================================================
Received Import Request.
  Time since last request: 97.739757 seconds.
  path: Assets/Serenay-3d Models/Material/Nilüfer.mat
  artifactKey: Guid(8ab214d03db3d524da01dcc5153c64fe) Importer(815301076,1909f56bfc062723c751e8b465ee728b)
Start importing Assets/Serenay-3d Models/Material/Nilüfer.mat using Guid(8ab214d03db3d524da01dcc5153c64fe) Importer(815301076,1909f56bfc062723c751e8b465ee728b)  -> (artifact id: 'bc6936bc2a525a2572ec0f4e4d47f05e') in 0.034132 seconds 
========================================================================
Received Import Request.
  Time since last request: 8.032723 seconds.
  path: Assets/Serenay-3d Models/Material/papatya
  artifactKey: Guid(6242efc3c16eab14d9cd0cc5d518c4eb) Importer(815301076,1909f56bfc062723c751e8b465ee728b)
Start importing Assets/Serenay-3d Models/Material/papatya using Guid(6242efc3c16eab14d9cd0cc5d518c4eb) Importer(815301076,1909f56bfc062723c751e8b465ee728b)  -> (artifact id: '1f3827e963f76a066cee10869c4637a1') in 0.002361 seconds 
========================================================================
Received Import Request.
  Time since last request: 6.094912 seconds.
  path: Assets/Serenay-3d Models/Material/papatya/New Material.mat
  artifactKey: Guid(d6f7f4cf505c7df47901042ad72f086e) Importer(815301076,1909f56bfc062723c751e8b465ee728b)
Start importing Assets/Serenay-3d Models/Material/papatya/New Material.mat using Guid(d6f7f4cf505c7df47901042ad72f086e) Importer(815301076,1909f56bfc062723c751e8b465ee728b)  -> (artifact id: '7c706de031617ff0d2e11dd2a5e5076d') in 0.017145 seconds 
========================================================================
Received Import Request.
  Time since last request: 2.522937 seconds.
  path: Assets/Serenay-3d Models/Material/papatya/New Material 1.mat
  artifactKey: Guid(a59882356ef320a4d81f440762fdccd6) Importer(815301076,1909f56bfc062723c751e8b465ee728b)
Start importing Assets/Serenay-3d Models/Material/papatya/New Material 1.mat using Guid(a59882356ef320a4d81f440762fdccd6) Importer(815301076,1909f56bfc062723c751e8b465ee728b)  -> (artifact id: '12d2e7442be5b53e699041901e23c588') in 0.012411 seconds 
========================================================================
Received Import Request.
  Time since last request: 3.836426 seconds.
  path: Assets/Serenay-3d Models/Material/papatya/New Material 2.mat
  artifactKey: Guid(5920203cef0589143bb680e8a39a4473) Importer(815301076,1909f56bfc062723c751e8b465ee728b)
Start importing Assets/Serenay-3d Models/Material/papatya/New Material 2.mat using Guid(5920203cef0589143bb680e8a39a4473) Importer(815301076,1909f56bfc062723c751e8b465ee728b)  -> (artifact id: '8c62e13eceefef5c28b280b889ae2f0b') in 0.013489 seconds 
========================================================================
Received Import Request.
  Time since last request: 3.642450 seconds.
  path: Assets/Serenay-3d Models/Material/papatya/beyaz.mat
  artifactKey: Guid(a59882356ef320a4d81f440762fdccd6) Importer(815301076,1909f56bfc062723c751e8b465ee728b)
Start importing Assets/Serenay-3d Models/Material/papatya/beyaz.mat using Guid(a59882356ef320a4d81f440762fdccd6) Importer(815301076,1909f56bfc062723c751e8b465ee728b)  -> (artifact id: 'c4a42d630faec1a6599eff818f073d0d') in 0.011421 seconds 
========================================================================
Received Import Request.
  Time since last request: 7.215232 seconds.
  path: Assets/Serenay-3d Models/Material/papatya/yeşil.mat
  artifactKey: Guid(5920203cef0589143bb680e8a39a4473) Importer(815301076,1909f56bfc062723c751e8b465ee728b)
Start importing Assets/Serenay-3d Models/Material/papatya/yeşil.mat using Guid(5920203cef0589143bb680e8a39a4473) Importer(815301076,1909f56bfc062723c751e8b465ee728b)  -> (artifact id: '19bfa1b142ad593c5ce5172edfb861df') in 0.013234 seconds 
========================================================================
Received Import Request.
  Time since last request: 8.677101 seconds.
  path: Assets/Serenay-3d Models/Material/papatya/sarı.mat
  artifactKey: Guid(d6f7f4cf505c7df47901042ad72f086e) Importer(815301076,1909f56bfc062723c751e8b465ee728b)
Start importing Assets/Serenay-3d Models/Material/papatya/sarı.mat using Guid(d6f7f4cf505c7df47901042ad72f086e) Importer(815301076,1909f56bfc062723c751e8b465ee728b)  -> (artifact id: '97f67c0f9e6d762455c3afc5a553b8f9') in 0.014824 seconds 
========================================================================
Received Import Request.
  Time since last request: 26.753192 seconds.
  path: Assets/Serenay-3d Models/Material/Bal Kutusu/Bal Kutusu.mat
  artifactKey: Guid(dd139fc089bef97478c40ed3480e5eb9) Importer(815301076,1909f56bfc062723c751e8b465ee728b)
Start importing Assets/Serenay-3d Models/Material/Bal Kutusu/Bal Kutusu.mat using Guid(dd139fc089bef97478c40ed3480e5eb9) Importer(815301076,1909f56bfc062723c751e8b465ee728b)  -> (artifact id: '518de63f5b2719c3ba816f2770d6a99f') in 0.020564 seconds 
========================================================================
Received Import Request.
  Time since last request: 6.382759 seconds.
  path: Assets/Serenay-3d Models/EndlessBook/Demos/Demo 02/Materials/Main Book/CoverExtras.mat
  artifactKey: Guid(67fd73918babf2a4a9acc79c838b21ac) Importer(815301076,1909f56bfc062723c751e8b465ee728b)
Start importing Assets/Serenay-3d Models/EndlessBook/Demos/Demo 02/Materials/Main Book/CoverExtras.mat using Guid(67fd73918babf2a4a9acc79c838b21ac) Importer(815301076,1909f56bfc062723c751e8b465ee728b)  -> (artifact id: '4c44b317f45b6fd0436407208653ddd8') in 0.020498 seconds 
========================================================================
Received Import Request.
  Time since last request: 6.037803 seconds.
  path: Assets/TextMesh Pro/Resources/Fonts & Materials/LiberationSans SDF - Outline.mat
  artifactKey: Guid(79459efec17a4d00a321bdcc27bbc385) Importer(815301076,1909f56bfc062723c751e8b465ee728b)
Start importing Assets/TextMesh Pro/Resources/Fonts & Materials/LiberationSans SDF - Outline.mat using Guid(79459efec17a4d00a321bdcc27bbc385) Importer(815301076,1909f56bfc062723c751e8b465ee728b)  -> (artifact id: '0e44490a395f5e2c283d3f82b93241d0') in 0.044767 seconds 
========================================================================
Received Import Request.
  Time since last request: 0.000019 seconds.
  path: Assets/TextMesh Pro/Resources/Fonts & Materials/LiberationSans SDF.asset
  artifactKey: Guid(8f586378b4e144a9851e7b34d9b748ee) Importer(815301076,1909f56bfc062723c751e8b465ee728b)
Start importing Assets/TextMesh Pro/Resources/Fonts & Materials/LiberationSans SDF.asset using Guid(8f586378b4e144a9851e7b34d9b748ee) Importer(815301076,1909f56bfc062723c751e8b465ee728b)  -> (artifact id: '51221801b32631d898de1cb07f232595') in 0.053804 seconds 
========================================================================
Received Import Request.
  Time since last request: 3.485443 seconds.
  path: Assets/Serenay-3d Models/papatya büyümüş.fbx
  artifactKey: Guid(0abe75502b9416f45ac0f3106f619b8a) Importer(815301076,1909f56bfc062723c751e8b465ee728b)
Start importing Assets/Serenay-3d Models/papatya büyümüş.fbx using Guid(0abe75502b9416f45ac0f3106f619b8a) Importer(815301076,1909f56bfc062723c751e8b465ee728b)  -> (artifact id: 'af6224aa9aeaf783e70f977f3d506c2f') in 0.094333 seconds 
========================================================================
Received Import Request.
  Time since last request: 20.004489 seconds.
  path: Assets/Serenay-3d Models/papatya küçük.fbx
  artifactKey: Guid(32f5d80ec9fd3e9428577dfbd13809bc) Importer(815301076,1909f56bfc062723c751e8b465ee728b)
Start importing Assets/Serenay-3d Models/papatya küçük.fbx using Guid(32f5d80ec9fd3e9428577dfbd13809bc) Importer(815301076,1909f56bfc062723c751e8b465ee728b)  -> (artifact id: '0f3488dd9c85da05236fef7171c58c26') in 0.042353 seconds 
========================================================================
Received Import Request.
  Time since last request: 13.911695 seconds.
  path: Assets/Serenay-3d Models/papatya orta.fbx
  artifactKey: Guid(0e5300546dc1c2347a6bf02dabbc0644) Importer(815301076,1909f56bfc062723c751e8b465ee728b)
Start importing Assets/Serenay-3d Models/papatya orta.fbx using Guid(0e5300546dc1c2347a6bf02dabbc0644) Importer(815301076,1909f56bfc062723c751e8b465ee728b)  -> (artifact id: 'c31c8e9556c957c83d925e0ffce9ddab') in 0.057731 seconds 
========================================================================
Received Import Request.
  Time since last request: 2.992131 seconds.
  path: Assets/Serenay-3d Models/EndlessBook/Demos/Demo 02/Materials/Embedded Book/EmbeddedBookPage.mat
  artifactKey: Guid(5f10d9fd60af52d4aa89e1234e32a307) Importer(815301076,1909f56bfc062723c751e8b465ee728b)
Start importing Assets/Serenay-3d Models/EndlessBook/Demos/Demo 02/Materials/Embedded Book/EmbeddedBookPage.mat using Guid(5f10d9fd60af52d4aa89e1234e32a307) Importer(815301076,1909f56bfc062723c751e8b465ee728b)  -> (artifact id: '0c8fc3386d285e2c18c227d886c992c4') in 0.020654 seconds 
========================================================================
Received Import Request.
  Time since last request: 2.539674 seconds.
  path: Assets/Serenay-3d Models/Material/Bal Kutusu/y.mat
  artifactKey: Guid(c175c928fc45e8d4e87a3290c77917ab) Importer(815301076,1909f56bfc062723c751e8b465ee728b)
Start importing Assets/Serenay-3d Models/Material/Bal Kutusu/y.mat using Guid(c175c928fc45e8d4e87a3290c77917ab) Importer(815301076,1909f56bfc062723c751e8b465ee728b)  -> (artifact id: 'c1bb20a9c4cc1d86a8041ed6095276c5') in 0.012739 seconds 
========================================================================
Received Import Request.
  Time since last request: 6.730508 seconds.
  path: Assets/Serenay-3d Models/papatya.fbx
  artifactKey: Guid(ab7f83757462b3e4695b265f4ee07724) Importer(815301076,1909f56bfc062723c751e8b465ee728b)
Start importing Assets/Serenay-3d Models/papatya.fbx using Guid(ab7f83757462b3e4695b265f4ee07724) Importer(815301076,1909f56bfc062723c751e8b465ee728b)  -> (artifact id: '8aafdbcd4c3e59828e0d5cfa0263dd6f') in 0.050528 seconds 
========================================================================
Received Prepare
Registering precompiled user dll's ...
Registered in 0.002946 seconds.
Begin MonoManager ReloadAssembly
Symbol file LoadedFromMemory doesn't match image C:\Users\Serenay\Documents\GitHub\ArifTic\Witch Fucking Craft\Library\PackageCache\com.unity.visualscripting@1.8.0\Editor\VisualScripting.Core\Dependencies\YamlDotNet\Unity.VisualScripting.YamlDotNet.dll
Symbol file LoadedFromMemory doesn't match image C:\Users\Serenay\Documents\GitHub\ArifTic\Witch Fucking Craft\Library\PackageCache\com.unity.visualscripting@1.8.0\Editor\VisualScripting.Core\Dependencies\DotNetZip\Unity.VisualScripting.IonicZip.dll
Native extension for WindowsStandalone target not found
Refreshing native plugins compatible for Editor in 0.73 ms, found 3 plugins.
Preloading 0 native plugins for Editor in 0.00 ms.
Mono: successfully reloaded assembly
- Completed reload, in  0.800 seconds
Domain Reload Profiling:
	ReloadAssembly (801ms)
		BeginReloadAssembly (116ms)
			ExecutionOrderSort (0ms)
			DisableScriptedObjects (4ms)
			BackupInstance (0ms)
			ReleaseScriptingObjects (0ms)
			CreateAndSetChildDomain (33ms)
		EndReloadAssembly (612ms)
			LoadAssemblies (67ms)
			RebuildTransferFunctionScriptingTraits (0ms)
			SetupTypeCache (210ms)
			ReleaseScriptCaches (2ms)
			RebuildScriptCaches (37ms)
			SetupLoadedEditorAssemblies (261ms)
				LogAssemblyErrors (0ms)
				InitializePlatformSupportModulesInManaged (5ms)
				SetLoadedEditorAssemblies (0ms)
				RefreshPlugins (1ms)
				BeforeProcessingInitializeOnLoad (55ms)
				ProcessInitializeOnLoadAttributes (178ms)
				ProcessInitializeOnLoadMethodAttributes (18ms)
				AfterProcessingInitializeOnLoad (4ms)
				EditorAssembliesLoaded (0ms)
			ExecutionOrderSort2 (0ms)
			AwakeInstancesAfterBackupRestoration (6ms)
Platform modules already initialized, skipping
Refreshing native plugins compatible for Editor in 1.56 ms, found 3 plugins.
Preloading 0 native plugins for Editor in 0.00 ms.
Unloading 3076 Unused Serialized files (Serialized files now loaded: 0)
Unloading 17 unused Assets / (81.8 KB). Loaded Objects now: 3628.
Memory consumption went from 119.4 MB to 119.3 MB.
Total: 2.399700 ms (FindLiveObjects: 0.215900 ms CreateObjectMapping: 0.084700 ms MarkObjects: 1.979200 ms  DeleteObjects: 0.119000 ms)

AssetImportParameters requested are different than current active one (requested -> active):
  custom:video-decoder-ogg-theora: a1e56fd34408186e4bbccfd4996cb3dc -> 
  custom:container-muxer-webm: aa71ff27fc2769a1b78a27578f13a17b -> 
  custom:container-demuxer-webm: 4f35f7cbe854078d1ac9338744f61a02 -> 
  custom:video-encoder-webm-vp8: eb34c28f22e8b96e1ab97ce403110664 -> 
  custom:audio-encoder-webm-vorbis: bf7c407c2cedff20999df2af8eb42d56 -> 
  custom:framework-win-MediaFoundation: 216162199b28c13a410421893ffa2e32 -> 
  custom:container-demuxer-ogg: 62fdf1f143b41e24485cea50d1cbac27 -> 
  custom:video-decoder-webm-vp8: 9c59270c3fd7afecdb556c50c9e8de78 -> 
  custom:audio-decoder-ogg-vorbis: bf7c407c2cedff20999df2af8eb42d56 -> 
========================================================================
Received Import Request.
  Time since last request: 64.968793 seconds.
  path: Assets/Serenay-3d Models/Material/Toprak.mat
  artifactKey: Guid(44792e2ea922d2f4c920a86af79c536e) Importer(815301076,1909f56bfc062723c751e8b465ee728b)
Start importing Assets/Serenay-3d Models/Material/Toprak.mat using Guid(44792e2ea922d2f4c920a86af79c536e) Importer(815301076,1909f56bfc062723c751e8b465ee728b)  -> (artifact id: 'c70d50ad87d24e188214c0950bf08a6d') in 0.076501 seconds 
========================================================================
Received Import Request.
  Time since last request: 14.525796 seconds.
  path: Assets/Serenay-3d Models/Material/Toprak.mat
  artifactKey: Guid(44792e2ea922d2f4c920a86af79c536e) Importer(815301076,1909f56bfc062723c751e8b465ee728b)
Start importing Assets/Serenay-3d Models/Material/Toprak.mat using Guid(44792e2ea922d2f4c920a86af79c536e) Importer(815301076,1909f56bfc062723c751e8b465ee728b)  -> (artifact id: '1dea8807496c49a4505e1f4a9d88c489') in 0.013015 seconds 
========================================================================
Received Import Request.
  Time since last request: 9.581561 seconds.
  path: Assets/Serenay-3d Models/Material/istockphoto-586184474-170667a.jpg
  artifactKey: Guid(b72ffba3627cfe741923b3aa7c9df0d0) Importer(815301076,1909f56bfc062723c751e8b465ee728b)
Start importing Assets/Serenay-3d Models/Material/istockphoto-586184474-170667a.jpg using Guid(b72ffba3627cfe741923b3aa7c9df0d0) Importer(815301076,1909f56bfc062723c751e8b465ee728b)  -> (artifact id: 'e8e70300073eca6a0c5153c57c3c5715') in 0.019089 seconds 
========================================================================
Received Import Request.
  Time since last request: 5.268144 seconds.
  path: Assets/Serenay-3d Models/sebze kasası.fbx
  artifactKey: Guid(749675ae27e1aa34abb980b666a7c718) Importer(815301076,1909f56bfc062723c751e8b465ee728b)
Start importing Assets/Serenay-3d Models/sebze kasası.fbx using Guid(749675ae27e1aa34abb980b666a7c718) Importer(815301076,1909f56bfc062723c751e8b465ee728b)  -> (artifact id: 'b0f02b21649e9891889656973877be44') in 0.089562 seconds 
========================================================================
Received Import Request.
  Time since last request: 44.006774 seconds.
  path: Assets/Serenay-3d Models/Material/Toprak.mat
  artifactKey: Guid(44792e2ea922d2f4c920a86af79c536e) Importer(815301076,1909f56bfc062723c751e8b465ee728b)
Start importing Assets/Serenay-3d Models/Material/Toprak.mat using Guid(44792e2ea922d2f4c920a86af79c536e) Importer(815301076,1909f56bfc062723c751e8b465ee728b)  -> (artifact id: '42ff612e921832d6e6b552706d6526fe') in 0.012977 seconds 
