Using pre-set license
Built from '2021.3/staging' branch; Version is '2021.3.21f1 (1b156197d683) revision 1774945'; Using compiler version '192829333'; Build Type 'Release'
OS: 'Windows 11  (10.0.22621) 64bit Professional' Language: 'tr' Physical Memory: 16125 MB
BatchMode: 1, IsHumanControllingUs: 0, StartBugReporterOnCrash: 0, Is64bit: 1, IsPro: 1

COMMAND LINE ARGUMENTS:
C:\Program Files\Unity\Hub\Editor\2021.3.21f1\Editor\Unity.exe
-adb2
-batchMode
-noUpm
-name
AssetImportWorker5
-projectPath
C:/Users/Serenay/Documents/GitHub/ArifTic/Witch Fucking Craft
-logFile
Logs/AssetImportWorker5.log
-srvPort
59572
Successfully changed project path to: C:/Users/Serenay/Documents/GitHub/ArifTic/Witch Fucking Craft
C:/Users/Serenay/Documents/GitHub/ArifTic/Witch Fucking Craft
[UnityMemory] Configuration Parameters - Can be set up in boot.config
    "memorysetup-bucket-allocator-granularity=16"
    "memorysetup-bucket-allocator-bucket-count=8"
    "memorysetup-bucket-allocator-block-size=33554432"
    "memorysetup-bucket-allocator-block-count=8"
    "memorysetup-main-allocator-block-size=16777216"
    "memorysetup-thread-allocator-block-size=16777216"
    "memorysetup-gfx-main-allocator-block-size=16777216"
    "memorysetup-gfx-thread-allocator-block-size=16777216"
    "memorysetup-cache-allocator-block-size=4194304"
    "memorysetup-typetree-allocator-block-size=2097152"
    "memorysetup-profiler-bucket-allocator-granularity=16"
    "memorysetup-profiler-bucket-allocator-bucket-count=8"
    "memorysetup-profiler-bucket-allocator-block-size=33554432"
    "memorysetup-profiler-bucket-allocator-block-count=8"
    "memorysetup-profiler-allocator-block-size=16777216"
    "memorysetup-profiler-editor-allocator-block-size=1048576"
    "memorysetup-temp-allocator-size-main=16777216"
    "memorysetup-job-temp-allocator-block-size=2097152"
    "memorysetup-job-temp-allocator-block-size-background=1048576"
    "memorysetup-job-temp-allocator-reduction-small-platforms=262144"
    "memorysetup-temp-allocator-size-background-worker=32768"
    "memorysetup-temp-allocator-size-job-worker=262144"
    "memorysetup-temp-allocator-size-preload-manager=33554432"
    "memorysetup-temp-allocator-size-nav-mesh-worker=65536"
    "memorysetup-temp-allocator-size-audio-worker=65536"
    "memorysetup-temp-allocator-size-cloud-worker=32768"
    "memorysetup-temp-allocator-size-gi-baking-worker=262144"
    "memorysetup-temp-allocator-size-gfx=262144"
Player connection [2064] Host "[IP] 192.168.1.3 [Port] 0 [Flags] 2 [Guid] 2249515048 [EditorId] 2249515048 [Version] 1048832 [Id] WindowsEditor(7,DESKTOP-VJE8FTF) [Debug] 1 [PackageName] WindowsEditor [ProjectName] Editor" joined multi-casting on [225.0.0.222:54997]...

Player connection [2064] Host "[IP] 192.168.1.3 [Port] 0 [Flags] 2 [Guid] 2249515048 [EditorId] 2249515048 [Version] 1048832 [Id] WindowsEditor(7,DESKTOP-VJE8FTF) [Debug] 1 [PackageName] WindowsEditor [ProjectName] Editor" joined alternative multi-casting on [225.0.0.222:34997]...

Refreshing native plugins compatible for Editor in 72.78 ms, found 3 plugins.
Preloading 0 native plugins for Editor in 0.00 ms.
Initialize engine version: 2021.3.21f1 (1b156197d683)
[Subsystems] Discovering subsystems at path C:/Program Files/Unity/Hub/Editor/2021.3.21f1/Editor/Data/Resources/UnitySubsystems
[Subsystems] Discovering subsystems at path C:/Users/Serenay/Documents/GitHub/ArifTic/Witch Fucking Craft/Assets
GfxDevice: creating device client; threaded=0; jobified=0
Direct3D:
    Version:  Direct3D 11.0 [level 11.1]
    Renderer: NVIDIA GeForce RTX 3060 Laptop GPU (ID=0x2520)
    Vendor:   NVIDIA
    VRAM:     6009 MB
    Driver:   31.0.15.3203
Initialize mono
Mono path[0] = 'C:/Program Files/Unity/Hub/Editor/2021.3.21f1/Editor/Data/Managed'
Mono path[1] = 'C:/Program Files/Unity/Hub/Editor/2021.3.21f1/Editor/Data/MonoBleedingEdge/lib/mono/unityjit-win32'
Mono config path = 'C:/Program Files/Unity/Hub/Editor/2021.3.21f1/Editor/Data/MonoBleedingEdge/etc'
Using monoOptions --debugger-agent=transport=dt_socket,embedding=1,server=y,suspend=n,address=127.0.0.1:56744
Begin MonoManager ReloadAssembly
Registering precompiled unity dll's ...
Register platform support module: C:/Program Files/Unity/Hub/Editor/2021.3.21f1/Editor/Data/PlaybackEngines/WindowsStandaloneSupport/UnityEditor.WindowsStandalone.Extensions.dll
Registered in 0.004257 seconds.
Native extension for WindowsStandalone target not found
Refreshing native plugins compatible for Editor in 72.85 ms, found 3 plugins.
Preloading 0 native plugins for Editor in 0.00 ms.
Mono: successfully reloaded assembly
- Completed reload, in  0.510 seconds
Domain Reload Profiling:
	ReloadAssembly (510ms)
		BeginReloadAssembly (82ms)
			ExecutionOrderSort (0ms)
			DisableScriptedObjects (0ms)
			BackupInstance (0ms)
			ReleaseScriptingObjects (0ms)
			CreateAndSetChildDomain (1ms)
		EndReloadAssembly (350ms)
			LoadAssemblies (81ms)
			RebuildTransferFunctionScriptingTraits (0ms)
			SetupTypeCache (77ms)
			ReleaseScriptCaches (0ms)
			RebuildScriptCaches (21ms)
			SetupLoadedEditorAssemblies (216ms)
				LogAssemblyErrors (0ms)
				InitializePlatformSupportModulesInManaged (5ms)
				SetLoadedEditorAssemblies (0ms)
				RefreshPlugins (73ms)
				BeforeProcessingInitializeOnLoad (2ms)
				ProcessInitializeOnLoadAttributes (102ms)
				ProcessInitializeOnLoadMethodAttributes (34ms)
				AfterProcessingInitializeOnLoad (0ms)
				EditorAssembliesLoaded (0ms)
			ExecutionOrderSort2 (0ms)
			AwakeInstancesAfterBackupRestoration (0ms)
Platform modules already initialized, skipping
Registering precompiled user dll's ...
Registered in 0.002805 seconds.
Begin MonoManager ReloadAssembly
Symbol file LoadedFromMemory doesn't match image C:\Users\Serenay\Documents\GitHub\ArifTic\Witch Fucking Craft\Library\PackageCache\com.unity.visualscripting@1.8.0\Editor\VisualScripting.Core\Dependencies\YamlDotNet\Unity.VisualScripting.YamlDotNet.dll
Symbol file LoadedFromMemory doesn't match image C:\Users\Serenay\Documents\GitHub\ArifTic\Witch Fucking Craft\Library\PackageCache\com.unity.visualscripting@1.8.0\Editor\VisualScripting.Core\Dependencies\DotNetZip\Unity.VisualScripting.IonicZip.dll
Native extension for WindowsStandalone target not found
Refreshing native plugins compatible for Editor in 0.53 ms, found 3 plugins.
Preloading 0 native plugins for Editor in 0.00 ms.
Mono: successfully reloaded assembly
- Completed reload, in  0.722 seconds
Domain Reload Profiling:
	ReloadAssembly (723ms)
		BeginReloadAssembly (92ms)
			ExecutionOrderSort (0ms)
			DisableScriptedObjects (5ms)
			BackupInstance (0ms)
			ReleaseScriptingObjects (0ms)
			CreateAndSetChildDomain (15ms)
		EndReloadAssembly (553ms)
			LoadAssemblies (77ms)
			RebuildTransferFunctionScriptingTraits (0ms)
			SetupTypeCache (186ms)
			ReleaseScriptCaches (1ms)
			RebuildScriptCaches (37ms)
			SetupLoadedEditorAssemblies (237ms)
				LogAssemblyErrors (0ms)
				InitializePlatformSupportModulesInManaged (3ms)
				SetLoadedEditorAssemblies (0ms)
				RefreshPlugins (1ms)
				BeforeProcessingInitializeOnLoad (59ms)
				ProcessInitializeOnLoadAttributes (156ms)
				ProcessInitializeOnLoadMethodAttributes (14ms)
				AfterProcessingInitializeOnLoad (4ms)
				EditorAssembliesLoaded (0ms)
			ExecutionOrderSort2 (0ms)
			AwakeInstancesAfterBackupRestoration (5ms)
Platform modules already initialized, skipping
========================================================================
Worker process is ready to serve import requests
Launched and connected shader compiler UnityShaderCompiler.exe after 0.03 seconds
Refreshing native plugins compatible for Editor in 0.60 ms, found 3 plugins.
Preloading 0 native plugins for Editor in 0.00 ms.
Unloading 3093 Unused Serialized files (Serialized files now loaded: 0)
Unloading 24 unused Assets / (114.0 KB). Loaded Objects now: 3575.
Memory consumption went from 115.9 MB to 115.7 MB.
Total: 2.714100 ms (FindLiveObjects: 0.210400 ms CreateObjectMapping: 0.078900 ms MarkObjects: 2.320500 ms  DeleteObjects: 0.103500 ms)

AssetImportParameters requested are different than current active one (requested -> active):
  custom:video-decoder-ogg-theora: a1e56fd34408186e4bbccfd4996cb3dc -> 
  custom:container-muxer-webm: aa71ff27fc2769a1b78a27578f13a17b -> 
  custom:container-demuxer-webm: 4f35f7cbe854078d1ac9338744f61a02 -> 
  custom:video-encoder-webm-vp8: eb34c28f22e8b96e1ab97ce403110664 -> 
  custom:audio-encoder-webm-vorbis: bf7c407c2cedff20999df2af8eb42d56 -> 
  custom:framework-win-MediaFoundation: 216162199b28c13a410421893ffa2e32 -> 
  custom:container-demuxer-ogg: 62fdf1f143b41e24485cea50d1cbac27 -> 
  custom:video-decoder-webm-vp8: 9c59270c3fd7afecdb556c50c9e8de78 -> 
  custom:audio-decoder-ogg-vorbis: bf7c407c2cedff20999df2af8eb42d56 -> 
========================================================================
Received Import Request.
  Time since last request: 688513.808735 seconds.
  path: Assets/TextMesh Pro/Resources/Fonts & Materials/LiberationSans SDF - Outline.mat
  artifactKey: Guid(79459efec17a4d00a321bdcc27bbc385) Importer(815301076,1909f56bfc062723c751e8b465ee728b)
Start importing Assets/TextMesh Pro/Resources/Fonts & Materials/LiberationSans SDF - Outline.mat using Guid(79459efec17a4d00a321bdcc27bbc385) Importer(815301076,1909f56bfc062723c751e8b465ee728b)  -> (artifact id: '0e44490a395f5e2c283d3f82b93241d0') in 0.173997 seconds 
========================================================================
Received Import Request.
  Time since last request: 51.255858 seconds.
  path: Assets/Serenay-3d Models/EndlessBook/Demos/Demo 02/Materials/Main Book/Page_06.mat
  artifactKey: Guid(8d7354797a11a0b4fb6436aab4cf4dfe) Importer(815301076,1909f56bfc062723c751e8b465ee728b)
Start importing Assets/Serenay-3d Models/EndlessBook/Demos/Demo 02/Materials/Main Book/Page_06.mat using Guid(8d7354797a11a0b4fb6436aab4cf4dfe) Importer(815301076,1909f56bfc062723c751e8b465ee728b)  -> (artifact id: 'a3f14a0c12f039bafdece930a588af71') in 0.017447 seconds 
========================================================================
Received Import Request.
  Time since last request: 0.037031 seconds.
  path: Assets/Serenay-3d Models/EndlessBook/Demos/Demo 02/Materials/Main Book/Page_08.mat
  artifactKey: Guid(ce83bef3263e42944ae7401807484d94) Importer(815301076,1909f56bfc062723c751e8b465ee728b)
Start importing Assets/Serenay-3d Models/EndlessBook/Demos/Demo 02/Materials/Main Book/Page_08.mat using Guid(ce83bef3263e42944ae7401807484d94) Importer(815301076,1909f56bfc062723c751e8b465ee728b)  -> (artifact id: '5daa4027ad03ae7ec843217986ec4208') in 0.015069 seconds 
========================================================================
Received Import Request.
  Time since last request: 0.302171 seconds.
  path: Assets/Serenay-3d Models/EndlessBook/Demos/Demo 01/Materials/Page_09.mat
  artifactKey: Guid(aeced1a8f58b6db43b0b076c899313e4) Importer(815301076,1909f56bfc062723c751e8b465ee728b)
Start importing Assets/Serenay-3d Models/EndlessBook/Demos/Demo 01/Materials/Page_09.mat using Guid(aeced1a8f58b6db43b0b076c899313e4) Importer(815301076,1909f56bfc062723c751e8b465ee728b)  -> (artifact id: 'a747d014a1f98d1b16481234c94f584c') in 0.013761 seconds 
========================================================================
Received Import Request.
  Time since last request: 0.374857 seconds.
  path: Assets/Serenay-3d Models/EndlessBook/Demos/Demo 02/Materials/Main Book/Page_12.mat
  artifactKey: Guid(bfd7187817660c0488785ec9aa425aef) Importer(815301076,1909f56bfc062723c751e8b465ee728b)
Start importing Assets/Serenay-3d Models/EndlessBook/Demos/Demo 02/Materials/Main Book/Page_12.mat using Guid(bfd7187817660c0488785ec9aa425aef) Importer(815301076,1909f56bfc062723c751e8b465ee728b)  -> (artifact id: 'a132c9234b09fbadf3131e50b1ec5356') in 0.014229 seconds 
========================================================================
Received Import Request.
  Time since last request: 0.031773 seconds.
  path: Assets/Serenay-3d Models/EndlessBook/Demos/Demo 02/Materials/Main Book/Page_14.mat
  artifactKey: Guid(f07bbcd6040b18d468fcaa69a388e81f) Importer(815301076,1909f56bfc062723c751e8b465ee728b)
Start importing Assets/Serenay-3d Models/EndlessBook/Demos/Demo 02/Materials/Main Book/Page_14.mat using Guid(f07bbcd6040b18d468fcaa69a388e81f) Importer(815301076,1909f56bfc062723c751e8b465ee728b)  -> (artifact id: '4f4db7c35830a5c11770744084deb529') in 0.014520 seconds 
========================================================================
Received Import Request.
  Time since last request: 0.282199 seconds.
  path: Assets/Serenay-3d Models/EndlessBook/Demos/Demo 02/Materials/Main Book/Page_16.mat
  artifactKey: Guid(a81def40864cee24ba4c514f313dd525) Importer(815301076,1909f56bfc062723c751e8b465ee728b)
Start importing Assets/Serenay-3d Models/EndlessBook/Demos/Demo 02/Materials/Main Book/Page_16.mat using Guid(a81def40864cee24ba4c514f313dd525) Importer(815301076,1909f56bfc062723c751e8b465ee728b)  -> (artifact id: '8a3f89845e40916976d0e2d96c802481') in 0.014432 seconds 
========================================================================
Received Import Request.
  Time since last request: 0.020430 seconds.
  path: Assets/Serenay-3d Models/EndlessBook/Demos/Demo 01/Materials/Page_18.mat
  artifactKey: Guid(d7e6fa7dce2fa524aa398c5dee51fd3c) Importer(815301076,1909f56bfc062723c751e8b465ee728b)
Start importing Assets/Serenay-3d Models/EndlessBook/Demos/Demo 01/Materials/Page_18.mat using Guid(d7e6fa7dce2fa524aa398c5dee51fd3c) Importer(815301076,1909f56bfc062723c751e8b465ee728b)  -> (artifact id: 'f7d8a2f0d43f7525e7015e50157dbaa4') in 0.012514 seconds 
========================================================================
Received Import Request.
  Time since last request: 0.283050 seconds.
  path: Assets/Serenay-3d Models/EndlessBook/Book/Materials/PageBack.mat
  artifactKey: Guid(6753bb115f2ec654390a3f36da1874ec) Importer(815301076,1909f56bfc062723c751e8b465ee728b)
Start importing Assets/Serenay-3d Models/EndlessBook/Book/Materials/PageBack.mat using Guid(6753bb115f2ec654390a3f36da1874ec) Importer(815301076,1909f56bfc062723c751e8b465ee728b)  -> (artifact id: '22d3e993112cd8bf0511cec1e70fa836') in 0.013474 seconds 
========================================================================
Received Import Request.
  Time since last request: 0.041203 seconds.
  path: Assets/Serenay-3d Models/EndlessBook/Demos/Demo 02/Materials/PageViews/PageBackground.R.mat
  artifactKey: Guid(f2c2d7518641c1b47906551173cd1b1e) Importer(815301076,1909f56bfc062723c751e8b465ee728b)
Start importing Assets/Serenay-3d Models/EndlessBook/Demos/Demo 02/Materials/PageViews/PageBackground.R.mat using Guid(f2c2d7518641c1b47906551173cd1b1e) Importer(815301076,1909f56bfc062723c751e8b465ee728b)  -> (artifact id: '691d12e993267f86a7a3e8c818f07e25') in 0.016311 seconds 
========================================================================
Received Import Request.
  Time since last request: 0.250267 seconds.
  path: Assets/Serenay-3d Models/EndlessBook/Demos/Demo 01/Materials/PageFiller.mat
  artifactKey: Guid(ce08803604102ab4987a04df09ab0c40) Importer(815301076,1909f56bfc062723c751e8b465ee728b)
Start importing Assets/Serenay-3d Models/EndlessBook/Demos/Demo 01/Materials/PageFiller.mat using Guid(ce08803604102ab4987a04df09ab0c40) Importer(815301076,1909f56bfc062723c751e8b465ee728b)  -> (artifact id: '5751babe2478d587de15d33fc380be5b') in 0.013683 seconds 
Editor requested this worker to shutdown with reason: Scaling down because of idle timeout
AssetImportWorker is now disconnected from the server
Process exiting
Exiting without the bug reporter. Application will terminate with return code 0