Using pre-set license
Built from '2021.3/staging' branch; Version is '2021.3.21f1 (1b156197d683) revision 1774945'; Using compiler version '192829333'; Build Type 'Release'
OS: 'Windows 11  (10.0.22621) 64bit Professional' Language: 'tr' Physical Memory: 16125 MB
BatchMode: 1, IsHumanControllingUs: 0, StartBugReporterOnCrash: 0, Is64bit: 1, IsPro: 1

COMMAND LINE ARGUMENTS:
C:\Program Files\Unity\Hub\Editor\2021.3.21f1\Editor\Unity.exe
-adb2
-batchMode
-noUpm
-name
AssetImportWorker0
-projectPath
C:/Users/Serenay/Documents/GitHub/ArifTic/Witch Fucking Craft
-logFile
Logs/AssetImportWorker0.log
-srvPort
57110
Successfully changed project path to: C:/Users/Serenay/Documents/GitHub/ArifTic/Witch Fucking Craft
C:/Users/Serenay/Documents/GitHub/ArifTic/Witch Fucking Craft
[UnityMemory] Configuration Parameters - Can be set up in boot.config
    "memorysetup-bucket-allocator-granularity=16"
    "memorysetup-bucket-allocator-bucket-count=8"
    "memorysetup-bucket-allocator-block-size=33554432"
    "memorysetup-bucket-allocator-block-count=8"
    "memorysetup-main-allocator-block-size=16777216"
    "memorysetup-thread-allocator-block-size=16777216"
    "memorysetup-gfx-main-allocator-block-size=16777216"
    "memorysetup-gfx-thread-allocator-block-size=16777216"
    "memorysetup-cache-allocator-block-size=4194304"
    "memorysetup-typetree-allocator-block-size=2097152"
    "memorysetup-profiler-bucket-allocator-granularity=16"
    "memorysetup-profiler-bucket-allocator-bucket-count=8"
    "memorysetup-profiler-bucket-allocator-block-size=33554432"
    "memorysetup-profiler-bucket-allocator-block-count=8"
    "memorysetup-profiler-allocator-block-size=16777216"
    "memorysetup-profiler-editor-allocator-block-size=1048576"
    "memorysetup-temp-allocator-size-main=16777216"
    "memorysetup-job-temp-allocator-block-size=2097152"
    "memorysetup-job-temp-allocator-block-size-background=1048576"
    "memorysetup-job-temp-allocator-reduction-small-platforms=262144"
    "memorysetup-temp-allocator-size-background-worker=32768"
    "memorysetup-temp-allocator-size-job-worker=262144"
    "memorysetup-temp-allocator-size-preload-manager=33554432"
    "memorysetup-temp-allocator-size-nav-mesh-worker=65536"
    "memorysetup-temp-allocator-size-audio-worker=65536"
    "memorysetup-temp-allocator-size-cloud-worker=32768"
    "memorysetup-temp-allocator-size-gi-baking-worker=262144"
    "memorysetup-temp-allocator-size-gfx=262144"
Player connection [30456] Host "[IP] 192.168.1.3 [Port] 0 [Flags] 2 [Guid] 1162159552 [EditorId] 1162159552 [Version] 1048832 [Id] WindowsEditor(7,DESKTOP-VJE8FTF) [Debug] 1 [PackageName] WindowsEditor [ProjectName] Editor" joined multi-casting on [225.0.0.222:54997]...

Player connection [30456] Host "[IP] 192.168.1.3 [Port] 0 [Flags] 2 [Guid] 1162159552 [EditorId] 1162159552 [Version] 1048832 [Id] WindowsEditor(7,DESKTOP-VJE8FTF) [Debug] 1 [PackageName] WindowsEditor [ProjectName] Editor" joined alternative multi-casting on [225.0.0.222:34997]...

Refreshing native plugins compatible for Editor in 64.16 ms, found 3 plugins.
Preloading 0 native plugins for Editor in 0.00 ms.
Initialize engine version: 2021.3.21f1 (1b156197d683)
[Subsystems] Discovering subsystems at path C:/Program Files/Unity/Hub/Editor/2021.3.21f1/Editor/Data/Resources/UnitySubsystems
[Subsystems] Discovering subsystems at path C:/Users/Serenay/Documents/GitHub/ArifTic/Witch Fucking Craft/Assets
GfxDevice: creating device client; threaded=0; jobified=0
Direct3D:
    Version:  Direct3D 11.0 [level 11.1]
    Renderer: NVIDIA GeForce RTX 3060 Laptop GPU (ID=0x2520)
    Vendor:   NVIDIA
    VRAM:     6009 MB
    Driver:   31.0.15.3203
Initialize mono
Mono path[0] = 'C:/Program Files/Unity/Hub/Editor/2021.3.21f1/Editor/Data/Managed'
Mono path[1] = 'C:/Program Files/Unity/Hub/Editor/2021.3.21f1/Editor/Data/MonoBleedingEdge/lib/mono/unityjit-win32'
Mono config path = 'C:/Program Files/Unity/Hub/Editor/2021.3.21f1/Editor/Data/MonoBleedingEdge/etc'
Using monoOptions --debugger-agent=transport=dt_socket,embedding=1,server=y,suspend=n,address=127.0.0.1:56004
Begin MonoManager ReloadAssembly
Registering precompiled unity dll's ...
Register platform support module: C:/Program Files/Unity/Hub/Editor/2021.3.21f1/Editor/Data/PlaybackEngines/WindowsStandaloneSupport/UnityEditor.WindowsStandalone.Extensions.dll
Registered in 0.002588 seconds.
Native extension for WindowsStandalone target not found
Refreshing native plugins compatible for Editor in 62.02 ms, found 3 plugins.
Preloading 0 native plugins for Editor in 0.00 ms.
Mono: successfully reloaded assembly
- Completed reload, in  0.480 seconds
Domain Reload Profiling:
	ReloadAssembly (481ms)
		BeginReloadAssembly (61ms)
			ExecutionOrderSort (0ms)
			DisableScriptedObjects (0ms)
			BackupInstance (0ms)
			ReleaseScriptingObjects (0ms)
			CreateAndSetChildDomain (1ms)
		EndReloadAssembly (348ms)
			LoadAssemblies (60ms)
			RebuildTransferFunctionScriptingTraits (0ms)
			SetupTypeCache (82ms)
			ReleaseScriptCaches (0ms)
			RebuildScriptCaches (22ms)
			SetupLoadedEditorAssemblies (198ms)
				LogAssemblyErrors (0ms)
				InitializePlatformSupportModulesInManaged (5ms)
				SetLoadedEditorAssemblies (0ms)
				RefreshPlugins (62ms)
				BeforeProcessingInitializeOnLoad (1ms)
				ProcessInitializeOnLoadAttributes (93ms)
				ProcessInitializeOnLoadMethodAttributes (36ms)
				AfterProcessingInitializeOnLoad (0ms)
				EditorAssembliesLoaded (0ms)
			ExecutionOrderSort2 (0ms)
			AwakeInstancesAfterBackupRestoration (0ms)
Platform modules already initialized, skipping
Registering precompiled user dll's ...
Registered in 0.002985 seconds.
Begin MonoManager ReloadAssembly
Symbol file LoadedFromMemory doesn't match image C:\Users\Serenay\Documents\GitHub\ArifTic\Witch Fucking Craft\Library\PackageCache\com.unity.visualscripting@1.8.0\Editor\VisualScripting.Core\Dependencies\YamlDotNet\Unity.VisualScripting.YamlDotNet.dll
Symbol file LoadedFromMemory doesn't match image C:\Users\Serenay\Documents\GitHub\ArifTic\Witch Fucking Craft\Library\PackageCache\com.unity.visualscripting@1.8.0\Editor\VisualScripting.Core\Dependencies\DotNetZip\Unity.VisualScripting.IonicZip.dll
Native extension for WindowsStandalone target not found
Refreshing native plugins compatible for Editor in 0.43 ms, found 3 plugins.
Preloading 0 native plugins for Editor in 0.00 ms.
Mono: successfully reloaded assembly
- Completed reload, in  0.723 seconds
Domain Reload Profiling:
	ReloadAssembly (724ms)
		BeginReloadAssembly (89ms)
			ExecutionOrderSort (0ms)
			DisableScriptedObjects (4ms)
			BackupInstance (0ms)
			ReleaseScriptingObjects (0ms)
			CreateAndSetChildDomain (17ms)
		EndReloadAssembly (556ms)
			LoadAssemblies (63ms)
			RebuildTransferFunctionScriptingTraits (0ms)
			SetupTypeCache (192ms)
			ReleaseScriptCaches (1ms)
			RebuildScriptCaches (38ms)
			SetupLoadedEditorAssemblies (242ms)
				LogAssemblyErrors (0ms)
				InitializePlatformSupportModulesInManaged (3ms)
				SetLoadedEditorAssemblies (0ms)
				RefreshPlugins (0ms)
				BeforeProcessingInitializeOnLoad (59ms)
				ProcessInitializeOnLoadAttributes (160ms)
				ProcessInitializeOnLoadMethodAttributes (15ms)
				AfterProcessingInitializeOnLoad (4ms)
				EditorAssembliesLoaded (0ms)
			ExecutionOrderSort2 (0ms)
			AwakeInstancesAfterBackupRestoration (4ms)
Platform modules already initialized, skipping
========================================================================
Worker process is ready to serve import requests
Launched and connected shader compiler UnityShaderCompiler.exe after 0.03 seconds
Refreshing native plugins compatible for Editor in 0.50 ms, found 3 plugins.
Preloading 0 native plugins for Editor in 0.00 ms.
Unloading 3095 Unused Serialized files (Serialized files now loaded: 0)
Unloading 24 unused Assets / (114.7 KB). Loaded Objects now: 3577.
Memory consumption went from 116.1 MB to 116.0 MB.
Total: 2.585100 ms (FindLiveObjects: 0.224000 ms CreateObjectMapping: 0.076100 ms MarkObjects: 2.165000 ms  DeleteObjects: 0.118900 ms)

AssetImportParameters requested are different than current active one (requested -> active):
  custom:video-decoder-ogg-theora: a1e56fd34408186e4bbccfd4996cb3dc -> 
  custom:container-muxer-webm: aa71ff27fc2769a1b78a27578f13a17b -> 
  custom:container-demuxer-webm: 4f35f7cbe854078d1ac9338744f61a02 -> 
  custom:video-encoder-webm-vp8: eb34c28f22e8b96e1ab97ce403110664 -> 
  custom:audio-encoder-webm-vorbis: bf7c407c2cedff20999df2af8eb42d56 -> 
  custom:framework-win-MediaFoundation: 216162199b28c13a410421893ffa2e32 -> 
  custom:container-demuxer-ogg: 62fdf1f143b41e24485cea50d1cbac27 -> 
  custom:video-decoder-webm-vp8: 9c59270c3fd7afecdb556c50c9e8de78 -> 
  custom:audio-decoder-ogg-vorbis: bf7c407c2cedff20999df2af8eb42d56 -> 
========================================================================
Received Import Request.
  Time since last request: 1438374.504593 seconds.
  path: Assets/Serenay-3d Models/Material/Bal Kutusu
  artifactKey: Guid(1d1f6fca91a05a340b387d3bde4d4192) Importer(815301076,1909f56bfc062723c751e8b465ee728b)
Start importing Assets/Serenay-3d Models/Material/Bal Kutusu using Guid(1d1f6fca91a05a340b387d3bde4d4192) Importer(815301076,1909f56bfc062723c751e8b465ee728b)  -> (artifact id: '197da82395b1d90adbf690783adfc9c4') in 0.012194 seconds 
========================================================================
Received Import Request.
  Time since last request: 10.096679 seconds.
  path: Assets/Serenay-3d Models/Material/Bal Kutusu/Bal Kutusu.mat
  artifactKey: Guid(dd139fc089bef97478c40ed3480e5eb9) Importer(815301076,1909f56bfc062723c751e8b465ee728b)
Start importing Assets/Serenay-3d Models/Material/Bal Kutusu/Bal Kutusu.mat using Guid(dd139fc089bef97478c40ed3480e5eb9) Importer(815301076,1909f56bfc062723c751e8b465ee728b)  -> (artifact id: '220a1f1c7b7f417e35d0762367fc425f') in 0.110619 seconds 
========================================================================
Received Import Request.
  Time since last request: 11.983934 seconds.
  path: Assets/Serenay-3d Models/Material/Bal Kutusu/Bal Kutusu Etiketi.mat
  artifactKey: Guid(ab4ee8d477a64324e83319e6d7aa4931) Importer(815301076,1909f56bfc062723c751e8b465ee728b)
Start importing Assets/Serenay-3d Models/Material/Bal Kutusu/Bal Kutusu Etiketi.mat using Guid(ab4ee8d477a64324e83319e6d7aa4931) Importer(815301076,1909f56bfc062723c751e8b465ee728b)  -> (artifact id: 'c5997e647b50a81017452786145fe828') in 0.012670 seconds 
========================================================================
Received Import Request.
  Time since last request: 15.780182 seconds.
  path: Assets/Serenay-3d Models/Material/Bal Kutusu/h.mat
  artifactKey: Guid(3340a30feda3c054b8aa37b49c5685cb) Importer(815301076,1909f56bfc062723c751e8b465ee728b)
Start importing Assets/Serenay-3d Models/Material/Bal Kutusu/h.mat using Guid(3340a30feda3c054b8aa37b49c5685cb) Importer(815301076,1909f56bfc062723c751e8b465ee728b)  -> (artifact id: 'c7aa6a1e53436063c8672596d8045b07') in 0.013923 seconds 
========================================================================
Received Import Request.
  Time since last request: 4.383422 seconds.
  path: Assets/Serenay-3d Models/Material/Bal Kutusu/o.mat
  artifactKey: Guid(a16d324a2ab54c146a789c80d41eb5f9) Importer(815301076,1909f56bfc062723c751e8b465ee728b)
Start importing Assets/Serenay-3d Models/Material/Bal Kutusu/o.mat using Guid(a16d324a2ab54c146a789c80d41eb5f9) Importer(815301076,1909f56bfc062723c751e8b465ee728b)  -> (artifact id: '15ac6710578e436bb189f39b78f041e3') in 0.013291 seconds 
========================================================================
Received Import Request.
  Time since last request: 4.124268 seconds.
  path: Assets/Serenay-3d Models/Material/Bal Kutusu/n.mat
  artifactKey: Guid(35edb9cc41e7c6b42b548f6b0cb8c754) Importer(815301076,1909f56bfc062723c751e8b465ee728b)
Start importing Assets/Serenay-3d Models/Material/Bal Kutusu/n.mat using Guid(35edb9cc41e7c6b42b548f6b0cb8c754) Importer(815301076,1909f56bfc062723c751e8b465ee728b)  -> (artifact id: '5fcb42960fe543088a2353db9981daed') in 0.011291 seconds 
========================================================================
Received Import Request.
  Time since last request: 4.940839 seconds.
  path: Assets/Serenay-3d Models/Material/Bal Kutusu/e.mat
  artifactKey: Guid(c659c5f498cd67843bc0cb11d13b8924) Importer(815301076,1909f56bfc062723c751e8b465ee728b)
Start importing Assets/Serenay-3d Models/Material/Bal Kutusu/e.mat using Guid(c659c5f498cd67843bc0cb11d13b8924) Importer(815301076,1909f56bfc062723c751e8b465ee728b)  -> (artifact id: '5affb3117cc8f2284b41f62db7856931') in 0.014596 seconds 
========================================================================
Received Import Request.
  Time since last request: 4.450496 seconds.
  path: Assets/Serenay-3d Models/Material/Bal Kutusu/y.mat
  artifactKey: Guid(c175c928fc45e8d4e87a3290c77917ab) Importer(815301076,1909f56bfc062723c751e8b465ee728b)
Start importing Assets/Serenay-3d Models/Material/Bal Kutusu/y.mat using Guid(c175c928fc45e8d4e87a3290c77917ab) Importer(815301076,1909f56bfc062723c751e8b465ee728b)  -> (artifact id: '64c2a9ebfdd13c5bad57b96c73167ad3') in 0.011775 seconds 
========================================================================
Received Import Request.
  Time since last request: 100.423514 seconds.
  path: Assets/Serenay-3d Models/EndlessBook/Book/Materials/PageBack.mat
  artifactKey: Guid(6753bb115f2ec654390a3f36da1874ec) Importer(815301076,1909f56bfc062723c751e8b465ee728b)
Start importing Assets/Serenay-3d Models/EndlessBook/Book/Materials/PageBack.mat using Guid(6753bb115f2ec654390a3f36da1874ec) Importer(815301076,1909f56bfc062723c751e8b465ee728b)  -> (artifact id: '4b3b6ed326947d3928ece7a3b4621355') in 0.021362 seconds 
========================================================================
Received Import Request.
  Time since last request: 0.000017 seconds.
  path: Assets/Serenay-3d Models/EndlessBook/Demos/Demo 02/Models/PageBackground.L.fbx
  artifactKey: Guid(83911544a1384224f8c63969b343fe12) Importer(815301076,1909f56bfc062723c751e8b465ee728b)
Start importing Assets/Serenay-3d Models/EndlessBook/Demos/Demo 02/Models/PageBackground.L.fbx using Guid(83911544a1384224f8c63969b343fe12) Importer(815301076,1909f56bfc062723c751e8b465ee728b)  -> (artifact id: 'e44710702a46fcbb53bcc894f06e96a7') in 0.045832 seconds 
========================================================================
Received Import Request.
  Time since last request: 18.428105 seconds.
  path: Assets/Serenay-3d Models/EndlessBook/Demos/Demo 02/Materials/Main Book/CoverExtras.mat
  artifactKey: Guid(67fd73918babf2a4a9acc79c838b21ac) Importer(815301076,1909f56bfc062723c751e8b465ee728b)
Start importing Assets/Serenay-3d Models/EndlessBook/Demos/Demo 02/Materials/Main Book/CoverExtras.mat using Guid(67fd73918babf2a4a9acc79c838b21ac) Importer(815301076,1909f56bfc062723c751e8b465ee728b)  -> (artifact id: '4c44b317f45b6fd0436407208653ddd8') in 0.024761 seconds 
========================================================================
Received Import Request.
  Time since last request: 1.373103 seconds.
  path: Assets/Serenay-3d Models/EndlessBook/Demos/Demo 02/Fonts/Treamd.ttf
  artifactKey: Guid(710893cb65d9db545b7ad2828494677e) Importer(815301076,1909f56bfc062723c751e8b465ee728b)
Start importing Assets/Serenay-3d Models/EndlessBook/Demos/Demo 02/Fonts/Treamd.ttf using Guid(710893cb65d9db545b7ad2828494677e) Importer(815301076,1909f56bfc062723c751e8b465ee728b)  -> (artifact id: '4d27bb743d450297012ad7ab751c7356') in 0.037325 seconds 
========================================================================
Received Import Request.
  Time since last request: 0.124905 seconds.
  path: Assets/TextMesh Pro/Fonts/LiberationSans.ttf
  artifactKey: Guid(e3265ab4bf004d28a9537516768c1c75) Importer(815301076,1909f56bfc062723c751e8b465ee728b)
Start importing Assets/TextMesh Pro/Fonts/LiberationSans.ttf using Guid(e3265ab4bf004d28a9537516768c1c75) Importer(815301076,1909f56bfc062723c751e8b465ee728b)  -> (artifact id: '86e85d55384b22641579099d0f1ce7e8') in 0.020961 seconds 
========================================================================
Received Import Request.
  Time since last request: 0.651106 seconds.
  path: Assets/TextMesh Pro/Resources/Fonts & Materials/LiberationSans SDF - Outline.mat
  artifactKey: Guid(79459efec17a4d00a321bdcc27bbc385) Importer(815301076,1909f56bfc062723c751e8b465ee728b)
Start importing Assets/TextMesh Pro/Resources/Fonts & Materials/LiberationSans SDF - Outline.mat using Guid(79459efec17a4d00a321bdcc27bbc385) Importer(815301076,1909f56bfc062723c751e8b465ee728b)  -> (artifact id: '0e44490a395f5e2c283d3f82b93241d0') in 0.058711 seconds 
========================================================================
Received Import Request.
  Time since last request: 0.859723 seconds.
  path: Assets/TextMesh Pro/Resources/Fonts & Materials/LiberationSans SDF - Fallback.asset
  artifactKey: Guid(2e498d1c8094910479dc3e1b768306a4) Importer(815301076,1909f56bfc062723c751e8b465ee728b)
Start importing Assets/TextMesh Pro/Resources/Fonts & Materials/LiberationSans SDF - Fallback.asset using Guid(2e498d1c8094910479dc3e1b768306a4) Importer(815301076,1909f56bfc062723c751e8b465ee728b)  -> (artifact id: 'bf829e936f432881dc53832b1ba6f2f2') in 0.040011 seconds 
========================================================================
Received Import Request.
  Time since last request: 1.105827 seconds.
  path: Assets/Serenay-3d Models/EndlessBook/Demos/Demo 02/Models/PageBackground.R.fbx
  artifactKey: Guid(6202ff505aa176d43865035aa7073aa8) Importer(815301076,1909f56bfc062723c751e8b465ee728b)
Start importing Assets/Serenay-3d Models/EndlessBook/Demos/Demo 02/Models/PageBackground.R.fbx using Guid(6202ff505aa176d43865035aa7073aa8) Importer(815301076,1909f56bfc062723c751e8b465ee728b)  -> (artifact id: '5b5ef2994247b586b0c44b87ac484066') in 0.027830 seconds 
========================================================================
Received Import Request.
  Time since last request: 12.592350 seconds.
  path: Assets/Serenay-3d Models/Material/Alkol/Etiket.mat
  artifactKey: Guid(923952654ac5b444da61bf0b74efdf6e) Importer(815301076,1909f56bfc062723c751e8b465ee728b)
Start importing Assets/Serenay-3d Models/Material/Alkol/Etiket.mat using Guid(923952654ac5b444da61bf0b74efdf6e) Importer(815301076,1909f56bfc062723c751e8b465ee728b)  -> (artifact id: '2b116afe07fb92bd1465ae9ed1248a17') in 0.011532 seconds 
========================================================================
Received Import Request.
  Time since last request: 6.137188 seconds.
  path: Assets/Serenay-3d Models/Honey Kavanozu.fbx
  artifactKey: Guid(003ba76b931716e44a6b8135bbbdbf50) Importer(815301076,1909f56bfc062723c751e8b465ee728b)
Start importing Assets/Serenay-3d Models/Honey Kavanozu.fbx using Guid(003ba76b931716e44a6b8135bbbdbf50) Importer(815301076,1909f56bfc062723c751e8b465ee728b)  -> (artifact id: 'f095b83db142c7d6833537906a15de9e') in 0.077588 seconds 
========================================================================
Received Import Request.
  Time since last request: 80.266915 seconds.
  path: Assets/Serenay-3d Models/Material/Nilüfer.mat
  artifactKey: Guid(8ab214d03db3d524da01dcc5153c64fe) Importer(815301076,1909f56bfc062723c751e8b465ee728b)
Start importing Assets/Serenay-3d Models/Material/Nilüfer.mat using Guid(8ab214d03db3d524da01dcc5153c64fe) Importer(815301076,1909f56bfc062723c751e8b465ee728b)  -> (artifact id: '818a65e8f17d2252118f73963b631b0a') in 0.012382 seconds 
========================================================================
Received Import Request.
  Time since last request: 27.274484 seconds.
  path: Assets/Serenay-3d Models/Nilüfer yaprağı.fbx
  artifactKey: Guid(08e0da83dd26c0b42a151e64b89f2826) Importer(815301076,1909f56bfc062723c751e8b465ee728b)
Start importing Assets/Serenay-3d Models/Nilüfer yaprağı.fbx using Guid(08e0da83dd26c0b42a151e64b89f2826) Importer(815301076,1909f56bfc062723c751e8b465ee728b)  -> (artifact id: '084767bd4d17ba18c4fce92faca351d9') in 0.019639 seconds 
========================================================================
Received Import Request.
  Time since last request: 89.577918 seconds.
  path: Assets/Serenay-3d Models/Nilüfer yaprağı.fbx
  artifactKey: Guid(08e0da83dd26c0b42a151e64b89f2826) Importer(815301076,1909f56bfc062723c751e8b465ee728b)
Start importing Assets/Serenay-3d Models/Nilüfer yaprağı.fbx using Guid(08e0da83dd26c0b42a151e64b89f2826) Importer(815301076,1909f56bfc062723c751e8b465ee728b)  -> (artifact id: 'd54eee09d217fb8b927e9946baeb8dad') in 0.014424 seconds 
